[INFO] Scanning for projects...
[INFO] 
[INFO] ------------------------< com.example:backend >-------------------------
[INFO] Building demo 0.0.1-SNAPSHOT
[INFO]   from pom.xml
[INFO] --------------------------------[ jar ]---------------------------------
[INFO] 
[INFO] --- clean:3.3.2:clean (default-clean) @ backend ---
[INFO] Deleting C:\Users\CHAITANYA\Desktop\Chaitzzz\backend\target
[INFO] 
[INFO] --- resources:3.3.1:resources (default-resources) @ backend ---
[INFO] Copying 1 resource from src\main\resources to target\classes
[INFO] Copying 0 resource from src\main\resources to target\classes
[INFO] 
[INFO] --- compiler:3.11.0:compile (default-compile) @ backend ---
[INFO] Changes detected - recompiling the module! :source
[INFO] Compiling 17 source files with javac [debug release 17] to target\classes
[INFO] 
[INFO] --- resources:3.3.1:testResources (default-testResources) @ backend ---
[INFO] skip non existing resourceDirectory C:\Users\CHAITANYA\Desktop\Chaitzzz\backend\src\test\resources
[INFO] 
[INFO] --- compiler:3.11.0:testCompile (default-testCompile) @ backend ---
[INFO] Changes detected - recompiling the module! :dependency
[INFO] Compiling 1 source file with javac [debug release 17] to target\test-classes
[INFO] 
[INFO] --- surefire:3.1.2:test (default-test) @ backend ---
Downloading from central: https://repo.maven.apache.org/maven2/org/apache/maven/surefire/maven-surefire-common/3.1.2/maven-surefire-common-3.1.2.pom
Progress (1): 834 B
Progress (1): 2.5 kB
Progress (1): 5.5 kB
Progress (1): 6.1 kB
                    
Downloaded from central: https://repo.maven.apache.org/maven2/org/apache/maven/surefire/maven-surefire-common/3.1.2/maven-surefire-common-3.1.2.pom (6.1 kB at 12 kB/s)
Downloading from central: https://repo.maven.apache.org/maven2/org/apache/maven/surefire/surefire-api/3.1.2/surefire-api-3.1.2.pom
Progress (1): 842 B
Progress (1): 2.3 kB
Progress (1): 3.5 kB
                    
Downloaded from central: https://repo.maven.apache.org/maven2/org/apache/maven/surefire/surefire-api/3.1.2/surefire-api-3.1.2.pom (3.5 kB at 71 kB/s)
Downloading from central: https://repo.maven.apache.org/maven2/org/apache/maven/surefire/surefire-logger-api/3.1.2/surefire-logger-api-3.1.2.pom
Progress (1): 833 B
Progress (1): 1.8 kB
Progress (1): 3.3 kB
                    
Downloaded from central: https://repo.maven.apache.org/maven2/org/apache/maven/surefire/surefire-logger-api/3.1.2/surefire-logger-api-3.1.2.pom (3.3 kB at 18 kB/s)
Downloading from central: https://repo.maven.apache.org/maven2/org/apache/maven/surefire/surefire-shared-utils/3.1.2/surefire-shared-utils-3.1.2.pom
Progress (1): 1.1 kB
Progress (1): 3.9 kB
Progress (1): 4.1 kB
                    
Downloaded from central: https://repo.maven.apache.org/maven2/org/apache/maven/surefire/surefire-shared-utils/3.1.2/surefire-shared-utils-3.1.2.pom (4.1 kB at 50 kB/s)
Downloading from central: https://repo.maven.apache.org/maven2/org/apache/maven/surefire/surefire-extensions-api/3.1.2/surefire-extensions-api-3.1.2.pom
Progress (1): 843 B
Progress (1): 2.3 kB
Progress (1): 3.3 kB
                    
Downloaded from central: https://repo.maven.apache.org/maven2/org/apache/maven/surefire/surefire-extensions-api/3.1.2/surefire-extensions-api-3.1.2.pom (3.3 kB at 29 kB/s)
Downloading from central: https://repo.maven.apache.org/maven2/org/apache/maven/surefire/surefire-booter/3.1.2/surefire-booter-3.1.2.pom
Progress (1): 834 B
Progress (1): 2.4 kB
Progress (1): 4.5 kB
                    
Downloaded from central: https://repo.maven.apache.org/maven2/org/apache/maven/surefire/surefire-booter/3.1.2/surefire-booter-3.1.2.pom (4.5 kB at 46 kB/s)
Downloading from central: https://repo.maven.apache.org/maven2/org/apache/maven/surefire/surefire-extensions-spi/3.1.2/surefire-extensions-spi-3.1.2.pom
Progress (1): 861 B
Progress (1): 1.8 kB
                    
Downloaded from central: https://repo.maven.apache.org/maven2/org/apache/maven/surefire/surefire-extensions-spi/3.1.2/surefire-extensions-spi-3.1.2.pom (1.8 kB at 16 kB/s)
Downloading from central: https://repo.maven.apache.org/maven2/org/apache/maven/shared/maven-common-artifact-filters/3.1.1/maven-common-artifact-filters-3.1.1.pom
Progress (1): 798 B
Progress (1): 1.9 kB
Progress (1): 5.0 kB
Progress (1): 5.8 kB
                    
Downloaded from central: https://repo.maven.apache.org/maven2/org/apache/maven/shared/maven-common-artifact-filters/3.1.1/maven-common-artifact-filters-3.1.1.pom (5.8 kB at 62 kB/s)
Downloading from central: https://repo.maven.apache.org/maven2/org/apache/maven/maven-artifact/3.2.5/maven-artifact-3.2.5.pom
Progress (1): 843 B
Progress (1): 2.1 kB
Progress (1): 2.3 kB
                    
Downloaded from central: https://repo.maven.apache.org/maven2/org/apache/maven/maven-artifact/3.2.5/maven-artifact-3.2.5.pom (2.3 kB at 25 kB/s)
Downloading from central: https://repo.maven.apache.org/maven2/org/apache/maven/maven/3.2.5/maven-3.2.5.pom
Progress (1): 759 B
Progress (1): 1.7 kB
Progress (1): 3.2 kB
Progress (1): 4.9 kB
Progress (1): 7.9 kB
Progress (1): 13 kB 
Progress (1): 17 kB
Progress (1): 19 kB
Progress (1): 21 kB
Progress (1): 22 kB
                   
Downloaded from central: https://repo.maven.apache.org/maven2/org/apache/maven/maven/3.2.5/maven-3.2.5.pom (22 kB at 118 kB/s)
Downloading from central: https://repo.maven.apache.org/maven2/org/apache/maven/maven-parent/25/maven-parent-25.pom
Progress (1): 730 B
Progress (1): 1.7 kB
Progress (1): 5.0 kB
Progress (1): 9.4 kB
Progress (1): 13 kB 
Progress (1): 17 kB
Progress (1): 21 kB
Progress (1): 23 kB
Progress (1): 24 kB
Progress (1): 28 kB
Progress (1): 30 kB
Progress (1): 32 kB
Progress (1): 36 kB
Progress (1): 37 kB
                   
Downloaded from central: https://repo.maven.apache.org/maven2/org/apache/maven/maven-parent/25/maven-parent-25.pom (37 kB at 176 kB/s)
Downloading from central: https://repo.maven.apache.org/maven2/org/apache/apache/15/apache-15.pom
Progress (1): 754 B
Progress (1): 1.7 kB
Progress (1): 3.5 kB
Progress (1): 7.0 kB
Progress (1): 9.4 kB
Progress (1): 12 kB 
Progress (1): 15 kB
                   
Downloaded from central: https://repo.maven.apache.org/maven2/org/apache/apache/15/apache-15.pom (15 kB at 78 kB/s)
Downloading from central: https://repo.maven.apache.org/maven2/org/apache/maven/maven-core/3.2.5/maven-core-3.2.5.pom
Progress (1): 794 B
Progress (1): 1.8 kB
Progress (1): 4.9 kB
Progress (1): 7.5 kB
Progress (1): 8.1 kB
                    
Downloaded from central: https://repo.maven.apache.org/maven2/org/apache/maven/maven-core/3.2.5/maven-core-3.2.5.pom (8.1 kB at 46 kB/s)
Downloading from central: https://repo.maven.apache.org/maven2/org/apache/maven/maven-settings/3.2.5/maven-settings-3.2.5.pom
Progress (1): 823 B
Progress (1): 2.0 kB
Progress (1): 2.2 kB
                    
Downloaded from central: https://repo.maven.apache.org/maven2/org/apache/maven/maven-settings/3.2.5/maven-settings-3.2.5.pom (2.2 kB at 9.8 kB/s)
Downloading from central: https://repo.maven.apache.org/maven2/org/apache/maven/maven-settings-builder/3.2.5/maven-settings-builder-3.2.5.pom
Progress (1): 823 B
Progress (1): 2.6 kB
                    
Downloaded from central: https://repo.maven.apache.org/maven2/org/apache/maven/maven-settings-builder/3.2.5/maven-settings-builder-3.2.5.pom (2.6 kB at 26 kB/s)
Downloading from central: https://repo.maven.apache.org/maven2/org/codehaus/plexus/plexus-interpolation/1.21/plexus-interpolation-1.21.pom
Progress (1): 1.3 kB
Progress (1): 1.5 kB
                    
Downloaded from central: https://repo.maven.apache.org/maven2/org/codehaus/plexus/plexus-interpolation/1.21/plexus-interpolation-1.21.pom (1.5 kB at 23 kB/s)
Downloading from central: https://repo.maven.apache.org/maven2/org/codehaus/plexus/plexus-components/1.3.1/plexus-components-1.3.1.pom
Progress (1): 1.3 kB
Progress (1): 3.1 kB
                    
Downloaded from central: https://repo.maven.apache.org/maven2/org/codehaus/plexus/plexus-components/1.3.1/plexus-components-1.3.1.pom (3.1 kB at 75 kB/s)
Downloading from central: https://repo.maven.apache.org/maven2/org/codehaus/plexus/plexus/3.3.1/plexus-3.3.1.pom
Progress (1): 707 B
Progress (1): 2.6 kB
Progress (1): 6.1 kB
Progress (1): 8.6 kB
Progress (1): 11 kB 
Progress (1): 16 kB
Progress (1): 20 kB
Progress (1): 20 kB
                   
Downloaded from central: https://repo.maven.apache.org/maven2/org/codehaus/plexus/plexus/3.3.1/plexus-3.3.1.pom (20 kB at 252 kB/s)
Downloading from central: https://repo.maven.apache.org/maven2/org/apache/maven/maven-repository-metadata/3.2.5/maven-repository-metadata-3.2.5.pom
Progress (1): 823 B
Progress (1): 2.2 kB
                    
Downloaded from central: https://repo.maven.apache.org/maven2/org/apache/maven/maven-repository-metadata/3.2.5/maven-repository-metadata-3.2.5.pom (2.2 kB at 34 kB/s)
Downloading from central: https://repo.maven.apache.org/maven2/org/apache/maven/maven-plugin-api/3.2.5/maven-plugin-api-3.2.5.pom
Progress (1): 816 B
Progress (1): 2.5 kB
Progress (1): 3.0 kB
                    
Downloaded from central: https://repo.maven.apache.org/maven2/org/apache/maven/maven-plugin-api/3.2.5/maven-plugin-api-3.2.5.pom (3.0 kB at 30 kB/s)
Downloading from central: https://repo.maven.apache.org/maven2/org/eclipse/sisu/org.eclipse.sisu.plexus/0.3.5/org.eclipse.sisu.plexus-0.3.5.pom
Progress (1): 909 B
Progress (1): 3.2 kB
Progress (1): 4.3 kB
                    
Downloaded from central: https://repo.maven.apache.org/maven2/org/eclipse/sisu/org.eclipse.sisu.plexus/0.3.5/org.eclipse.sisu.plexus-0.3.5.pom (4.3 kB at 46 kB/s)
Downloading from central: https://repo.maven.apache.org/maven2/org/eclipse/sisu/sisu-plexus/0.3.5/sisu-plexus-0.3.5.pom
Progress (1): 861 B
Progress (1): 2.9 kB
Progress (1): 5.2 kB
Progress (1): 9.8 kB
Progress (1): 11 kB 
Progress (1): 14 kB
                   
Downloaded from central: https://repo.maven.apache.org/maven2/org/eclipse/sisu/sisu-plexus/0.3.5/sisu-plexus-0.3.5.pom (14 kB at 124 kB/s)
Downloading from central: https://repo.maven.apache.org/maven2/javax/annotation/javax.annotation-api/1.2/javax.annotation-api-1.2.pom
Progress (1): 758 B
Progress (1): 2.1 kB
Progress (1): 3.4 kB
Progress (1): 5.4 kB
Progress (1): 8.6 kB
Progress (1): 12 kB 
Progress (1): 13 kB
                   
Downloaded from central: https://repo.maven.apache.org/maven2/javax/annotation/javax.annotation-api/1.2/javax.annotation-api-1.2.pom (13 kB at 149 kB/s)
Downloading from central: https://repo.maven.apache.org/maven2/net/java/jvnet-parent/3/jvnet-parent-3.pom
Progress (1): 838 B
Progress (1): 2.5 kB
Progress (1): 4.8 kB
                    
Downloaded from central: https://repo.maven.apache.org/maven2/net/java/jvnet-parent/3/jvnet-parent-3.pom (4.8 kB at 79 kB/s)
Downloading from central: https://repo.maven.apache.org/maven2/javax/enterprise/cdi-api/1.2/cdi-api-1.2.pom
Progress (1): 1.0 kB
Progress (1): 3.3 kB
Progress (1): 5.8 kB
Progress (1): 6.3 kB
                    
Downloaded from central: https://repo.maven.apache.org/maven2/javax/enterprise/cdi-api/1.2/cdi-api-1.2.pom (6.3 kB at 165 kB/s)
Downloading from central: https://repo.maven.apache.org/maven2/org/jboss/weld/weld-parent/26/weld-parent-26.pom
Progress (1): 1.0 kB
Progress (1): 2.9 kB
Progress (1): 6.3 kB
Progress (1): 11 kB 
Progress (1): 16 kB
Progress (1): 19 kB
Progress (1): 22 kB
Progress (1): 24 kB
Progress (1): 28 kB
Progress (1): 32 kB
Progress (1): 32 kB
                   
Downloaded from central: https://repo.maven.apache.org/maven2/org/jboss/weld/weld-parent/26/weld-parent-26.pom (32 kB at 351 kB/s)
Downloading from central: https://repo.maven.apache.org/maven2/org/eclipse/sisu/org.eclipse.sisu.inject/0.3.5/org.eclipse.sisu.inject-0.3.5.pom
Progress (1): 914 B
Progress (1): 2.6 kB
                    
Downloaded from central: https://repo.maven.apache.org/maven2/org/eclipse/sisu/org.eclipse.sisu.inject/0.3.5/org.eclipse.sisu.inject-0.3.5.pom (2.6 kB at 45 kB/s)
Downloading from central: https://repo.maven.apache.org/maven2/org/eclipse/sisu/sisu-inject/0.3.5/sisu-inject-0.3.5.pom
Progress (1): 860 B
Progress (1): 2.8 kB
Progress (1): 5.1 kB
Progress (1): 9.6 kB
Progress (1): 11 kB 
Progress (1): 14 kB
                   
Downloaded from central: https://repo.maven.apache.org/maven2/org/eclipse/sisu/sisu-inject/0.3.5/sisu-inject-0.3.5.pom (14 kB at 294 kB/s)
Downloading from central: https://repo.maven.apache.org/maven2/org/codehaus/plexus/plexus-classworlds/2.5.2/plexus-classworlds-2.5.2.pom
Progress (1): 930 B
Progress (1): 3.0 kB
Progress (1): 6.0 kB
Progress (1): 7.3 kB
                    
Downloaded from central: https://repo.maven.apache.org/maven2/org/codehaus/plexus/plexus-classworlds/2.5.2/plexus-classworlds-2.5.2.pom (7.3 kB at 95 kB/s)
Downloading from central: https://repo.maven.apache.org/maven2/org/apache/maven/maven-model-builder/3.2.5/maven-model-builder-3.2.5.pom
Progress (1): 836 B
Progress (1): 2.7 kB
Progress (1): 3.0 kB
                    
Downloaded from central: https://repo.maven.apache.org/maven2/org/apache/maven/maven-model-builder/3.2.5/maven-model-builder-3.2.5.pom (3.0 kB at 30 kB/s)
Downloading from central: https://repo.maven.apache.org/maven2/org/apache/maven/maven-aether-provider/3.2.5/maven-aether-provider-3.2.5.pom
Progress (1): 811 B
Progress (1): 3.0 kB
Progress (1): 4.2 kB
                    
Downloaded from central: https://repo.maven.apache.org/maven2/org/apache/maven/maven-aether-provider/3.2.5/maven-aether-provider-3.2.5.pom (4.2 kB at 51 kB/s)
Downloading from central: https://repo.maven.apache.org/maven2/org/eclipse/aether/aether-spi/1.0.0.v20140518/aether-spi-1.0.0.v20140518.pom
Progress (1): 934 B
Progress (1): 2.1 kB
                    
Downloaded from central: https://repo.maven.apache.org/maven2/org/eclipse/aether/aether-spi/1.0.0.v20140518/aether-spi-1.0.0.v20140518.pom (2.1 kB at 49 kB/s)
Downloading from central: https://repo.maven.apache.org/maven2/org/eclipse/aether/aether-impl/1.0.0.v20140518/aether-impl-1.0.0.v20140518.pom
Progress (1): 922 B
Progress (1): 3.5 kB
                    
Downloaded from central: https://repo.maven.apache.org/maven2/org/eclipse/aether/aether-impl/1.0.0.v20140518/aether-impl-1.0.0.v20140518.pom (3.5 kB at 67 kB/s)
Downloading from central: https://repo.maven.apache.org/maven2/org/sonatype/sisu/sisu-guice/3.2.3/sisu-guice-3.2.3.pom
Progress (1): 1.3 kB
Progress (1): 3.8 kB
Progress (1): 6.0 kB
Progress (1): 9.7 kB
Progress (1): 11 kB 
                   
Downloaded from central: https://repo.maven.apache.org/maven2/org/sonatype/sisu/sisu-guice/3.2.3/sisu-guice-3.2.3.pom (11 kB at 115 kB/s)
Downloading from central: https://repo.maven.apache.org/maven2/org/sonatype/sisu/inject/guice-parent/3.2.3/guice-parent-3.2.3.pom
Progress (1): 799 B
Progress (1): 2.7 kB
Progress (1): 5.1 kB
Progress (1): 7.6 kB
Progress (1): 10 kB 
Progress (1): 13 kB
                   
Downloaded from central: https://repo.maven.apache.org/maven2/org/sonatype/sisu/inject/guice-parent/3.2.3/guice-parent-3.2.3.pom (13 kB at 127 kB/s)
Downloading from central: https://repo.maven.apache.org/maven2/org/sonatype/forge/forge-parent/38/forge-parent-38.pom
Progress (1): 812 B
Progress (1): 2.5 kB
Progress (1): 5.0 kB
Progress (1): 8.7 kB
Progress (1): 12 kB 
Progress (1): 16 kB
Progress (1): 19 kB
                   
Downloaded from central: https://repo.maven.apache.org/maven2/org/sonatype/forge/forge-parent/38/forge-parent-38.pom (19 kB at 234 kB/s)
Downloading from central: https://repo.maven.apache.org/maven2/com/google/guava/guava/16.0.1/guava-16.0.1.pom
Progress (1): 956 B
Progress (1): 2.8 kB
Progress (1): 5.3 kB
Progress (1): 6.1 kB
                    
Downloaded from central: https://repo.maven.apache.org/maven2/com/google/guava/guava/16.0.1/guava-16.0.1.pom (6.1 kB at 142 kB/s)
Downloading from central: https://repo.maven.apache.org/maven2/com/google/guava/guava-parent/16.0.1/guava-parent-16.0.1.pom
Progress (1): 1.1 kB
Progress (1): 2.9 kB
Progress (1): 6.3 kB
Progress (1): 7.3 kB
                    
Downloaded from central: https://repo.maven.apache.org/maven2/com/google/guava/guava-parent/16.0.1/guava-parent-16.0.1.pom (7.3 kB at 167 kB/s)
Downloading from central: https://repo.maven.apache.org/maven2/commons-io/commons-io/2.12.0/commons-io-2.12.0.pom
Progress (1): 770 B
Progress (1): 2.1 kB
Progress (1): 5.2 kB
Progress (1): 7.9 kB
Progress (1): 10 kB 
Progress (1): 12 kB
Progress (1): 15 kB
Progress (1): 16 kB
Progress (1): 18 kB
Progress (1): 20 kB
                   
Downloaded from central: https://repo.maven.apache.org/maven2/commons-io/commons-io/2.12.0/commons-io-2.12.0.pom (20 kB at 423 kB/s)
Downloading from central: https://repo.maven.apache.org/maven2/org/apache/commons/commons-parent/57/commons-parent-57.pom
Progress (1): 707 B
Progress (1): 1.9 kB
Progress (1): 3.1 kB
Progress (1): 4.6 kB
Progress (1): 6.5 kB
Progress (1): 8.4 kB
Progress (1): 10 kB 
Progress (1): 11 kB
Progress (1): 13 kB
Progress (1): 16 kB
Progress (1): 18 kB
Progress (1): 22 kB
Progress (1): 24 kB
Progress (1): 27 kB
Progress (1): 30 kB
Progress (1): 34 kB
Progress (1): 34 kB
Progress (1): 40 kB
Progress (1): 42 kB
Progress (1): 46 kB
Progress (1): 48 kB
Progress (1): 51 kB
Progress (1): 53 kB
Progress (1): 57 kB
Progress (1): 60 kB
Progress (1): 60 kB
Progress (1): 64 kB
Progress (1): 67 kB
Progress (1): 71 kB
Progress (1): 76 kB
Progress (1): 80 kB
Progress (1): 83 kB
                   
Downloaded from central: https://repo.maven.apache.org/maven2/org/apache/commons/commons-parent/57/commons-parent-57.pom (83 kB at 1.4 MB/s)
Downloading from central: https://repo.maven.apache.org/maven2/org/apache/maven/surefire/maven-surefire-common/3.1.2/maven-surefire-common-3.1.2.jar
Downloading from central: https://repo.maven.apache.org/maven2/org/apache/maven/surefire/surefire-api/3.1.2/surefire-api-3.1.2.jar
Downloading from central: https://repo.maven.apache.org/maven2/org/apache/maven/surefire/surefire-logger-api/3.1.2/surefire-logger-api-3.1.2.jar
Downloading from central: https://repo.maven.apache.org/maven2/org/apache/maven/surefire/surefire-extensions-api/3.1.2/surefire-extensions-api-3.1.2.jar
Downloading from central: https://repo.maven.apache.org/maven2/org/apache/maven/surefire/surefire-booter/3.1.2/surefire-booter-3.1.2.jar
Progress (1): 7.7/171 kB
Progress (1): 8.2/171 kB
Progress (1): 25/171 kB 
Progress (1): 41/171 kB
Progress (1): 57/171 kB
Progress (1): 74/171 kB
Progress (1): 90/171 kB
Progress (1): 106/171 kB
Progress (1): 123/171 kB
Progress (1): 139/171 kB
Progress (1): 156/171 kB
Progress (1): 171 kB    
                    
Downloaded from central: https://repo.maven.apache.org/maven2/org/apache/maven/surefire/surefire-api/3.1.2/surefire-api-3.1.2.jar (171 kB at 1.4 MB/s)
Downloading from central: https://repo.maven.apache.org/maven2/org/apache/maven/surefire/surefire-extensions-spi/3.1.2/surefire-extensions-spi-3.1.2.jar
Progress (1): 0.9/26 kB
Progress (1): 2.3/26 kB
Progress (1): 3.4/26 kB
Progress (1): 4.8/26 kB
Progress (1): 6.1/26 kB
Progress (1): 7.5/26 kB
Progress (1): 8.9/26 kB
Progress (1): 10/26 kB 
Progress (1): 12/26 kB
Progress (1): 13/26 kB
Progress (1): 14/26 kB
Progress (1): 16/26 kB
Progress (1): 17/26 kB
Progress (1): 18/26 kB
Progress (1): 20/26 kB
Progress (1): 21/26 kB
Progress (1): 23/26 kB
Progress (1): 24/26 kB
Progress (1): 25/26 kB
Progress (1): 26 kB   
Progress (2): 26 kB | 0.9/14 kB
Progress (3): 26 kB | 0.9/14 kB | 0.9/306 kB
Progress (3): 26 kB | 0.9/14 kB | 2.3/306 kB
Progress (3): 26 kB | 2.3/14 kB | 2.3/306 kB
Progress (3): 26 kB | 3.7/14 kB | 2.3/306 kB
Progress (3): 26 kB | 3.7/14 kB | 3.7/306 kB
Progress (3): 26 kB | 5.0/14 kB | 3.7/306 kB
Progress (3): 26 kB | 5.0/14 kB | 5.0/306 kB
Progress (3): 26 kB | 5.0/14 kB | 6.4/306 kB
Progress (3): 26 kB | 6.4/14 kB | 6.4/306 kB
Progress (3): 26 kB | 7.5/14 kB | 6.4/306 kB
Progress (3): 26 kB | 7.5/14 kB | 7.8/306 kB
Progress (3): 26 kB | 7.5/14 kB | 9.1/306 kB
Progress (3): 26 kB | 8.9/14 kB | 9.1/306 kB
Progress (3): 26 kB | 8.9/14 kB | 11/306 kB 
Progress (3): 26 kB | 10/14 kB | 11/306 kB 
Progress (3): 26 kB | 10/14 kB | 12/306 kB
Progress (3): 26 kB | 12/14 kB | 12/306 kB
Progress (3): 26 kB | 12/14 kB | 12/306 kB
Progress (3): 26 kB | 13/14 kB | 12/306 kB
Progress (3): 26 kB | 13/14 kB | 14/306 kB
Progress (3): 26 kB | 14 kB | 14/306 kB   
Progress (3): 26 kB | 14 kB | 15/306 kB
Progress (3): 26 kB | 14 kB | 16/306 kB
Progress (3): 26 kB | 14 kB | 18/306 kB
Progress (3): 26 kB | 14 kB | 19/306 kB
Progress (3): 26 kB | 14 kB | 21/306 kB
Progress (3): 26 kB | 14 kB | 22/306 kB
Progress (3): 26 kB | 14 kB | 23/306 kB
Progress (3): 26 kB | 14 kB | 25/306 kB
Progress (3): 26 kB | 14 kB | 26/306 kB
Progress (3): 26 kB | 14 kB | 27/306 kB
Progress (3): 26 kB | 14 kB | 29/306 kB
Progress (3): 26 kB | 14 kB | 30/306 kB
Progress (3): 26 kB | 14 kB | 31/306 kB
Progress (3): 26 kB | 14 kB | 33/306 kB
Progress (3): 26 kB | 14 kB | 34/306 kB
Progress (3): 26 kB | 14 kB | 36/306 kB
Progress (3): 26 kB | 14 kB | 37/306 kB
Progress (3): 26 kB | 14 kB | 38/306 kB
Progress (3): 26 kB | 14 kB | 40/306 kB
Progress (3): 26 kB | 14 kB | 41/306 kB
Progress (3): 26 kB | 14 kB | 42/306 kB
Progress (3): 26 kB | 14 kB | 44/306 kB
Progress (3): 26 kB | 14 kB | 45/306 kB
Progress (3): 26 kB | 14 kB | 47/306 kB
Progress (3): 26 kB | 14 kB | 48/306 kB
Progress (3): 26 kB | 14 kB | 49/306 kB
                                       
Downloaded from central: https://repo.maven.apache.org/maven2/org/apache/maven/surefire/surefire-extensions-api/3.1.2/surefire-extensions-api-3.1.2.jar (26 kB at 137 kB/s)
Downloading from central: https://repo.maven.apache.org/maven2/org/apache/maven/shared/maven-common-artifact-filters/3.1.1/maven-common-artifact-filters-3.1.1.jar
Downloaded from central: https://repo.maven.apache.org/maven2/org/apache/maven/surefire/surefire-logger-api/3.1.2/surefire-logger-api-3.1.2.jar (14 kB at 72 kB/s)
Downloading from central: https://repo.maven.apache.org/maven2/commons-io/commons-io/2.12.0/commons-io-2.12.0.jar
Progress (1): 51/306 kB
Progress (1): 52/306 kB
Progress (1): 53/306 kB
Progress (1): 55/306 kB
Progress (1): 59/306 kB
Progress (1): 63/306 kB
Progress (2): 63/306 kB | 0.9/118 kB
Progress (2): 63/306 kB | 2.3/118 kB
Progress (2): 63/306 kB | 3.7/118 kB
Progress (2): 63/306 kB | 5.0/118 kB
Progress (2): 63/306 kB | 6.4/118 kB
Progress (2): 63/306 kB | 7.8/118 kB
Progress (2): 63/306 kB | 9.1/118 kB
Progress (2): 63/306 kB | 11/118 kB 
Progress (2): 63/306 kB | 12/118 kB
Progress (2): 63/306 kB | 13/118 kB
Progress (2): 63/306 kB | 15/118 kB
Progress (2): 63/306 kB | 16/118 kB
Progress (2): 63/306 kB | 17/118 kB
Progress (2): 63/306 kB | 19/118 kB
Progress (2): 63/306 kB | 20/118 kB
Progress (2): 63/306 kB | 21/118 kB
Progress (2): 63/306 kB | 23/118 kB
Progress (2): 63/306 kB | 24/118 kB
Progress (2): 63/306 kB | 26/118 kB
Progress (2): 63/306 kB | 27/118 kB
Progress (2): 63/306 kB | 28/118 kB
Progress (2): 63/306 kB | 30/118 kB
Progress (2): 63/306 kB | 31/118 kB
Progress (2): 63/306 kB | 32/118 kB
Progress (2): 63/306 kB | 34/118 kB
Progress (2): 63/306 kB | 35/118 kB
Progress (2): 63/306 kB | 37/118 kB
Progress (2): 63/306 kB | 38/118 kB
Progress (2): 63/306 kB | 39/118 kB
Progress (2): 63/306 kB | 41/118 kB
Progress (2): 63/306 kB | 42/118 kB
Progress (2): 63/306 kB | 43/118 kB
Progress (2): 63/306 kB | 45/118 kB
Progress (3): 63/306 kB | 45/118 kB | 7.7/8.2 kB
Progress (3): 63/306 kB | 46/118 kB | 7.7/8.2 kB
Progress (3): 63/306 kB | 46/118 kB | 8.2 kB    
Progress (3): 63/306 kB | 47/118 kB | 8.2 kB
Progress (3): 63/306 kB | 49/118 kB | 8.2 kB
Progress (3): 63/306 kB | 50/118 kB | 8.2 kB
Progress (3): 63/306 kB | 52/118 kB | 8.2 kB
Progress (3): 63/306 kB | 53/118 kB | 8.2 kB
Progress (3): 63/306 kB | 54/118 kB | 8.2 kB
Progress (3): 63/306 kB | 56/118 kB | 8.2 kB
Progress (3): 63/306 kB | 60/118 kB | 8.2 kB
                                            
Downloaded from central: https://repo.maven.apache.org/maven2/org/apache/maven/surefire/surefire-extensions-spi/3.1.2/surefire-extensions-spi-3.1.2.jar (8.2 kB at 39 kB/s)
Downloading from central: https://repo.maven.apache.org/maven2/org/apache/maven/surefire/surefire-shared-utils/3.1.2/surefire-shared-utils-3.1.2.jar
Progress (2): 67/306 kB | 60/118 kB
Progress (2): 72/306 kB | 60/118 kB
Progress (2): 76/306 kB | 60/118 kB
Progress (2): 80/306 kB | 60/118 kB
Progress (2): 84/306 kB | 60/118 kB
Progress (2): 89/306 kB | 60/118 kB
Progress (2): 93/306 kB | 60/118 kB
Progress (2): 97/306 kB | 60/118 kB
Progress (2): 101/306 kB | 60/118 kB
Progress (2): 105/306 kB | 60/118 kB
Progress (2): 110/306 kB | 60/118 kB
Progress (2): 114/306 kB | 60/118 kB
Progress (2): 114/306 kB | 64/118 kB
Progress (2): 118/306 kB | 64/118 kB
Progress (2): 118/306 kB | 68/118 kB
Progress (2): 122/306 kB | 68/118 kB
Progress (2): 122/306 kB | 73/118 kB
Progress (2): 127/306 kB | 73/118 kB
Progress (2): 131/306 kB | 73/118 kB
Progress (2): 135/306 kB | 73/118 kB
Progress (2): 139/306 kB | 73/118 kB
Progress (2): 143/306 kB | 73/118 kB
Progress (2): 148/306 kB | 73/118 kB
Progress (2): 152/306 kB | 73/118 kB
Progress (2): 152/306 kB | 77/118 kB
Progress (2): 156/306 kB | 77/118 kB
Progress (2): 156/306 kB | 81/118 kB
Progress (2): 160/306 kB | 81/118 kB
Progress (2): 165/306 kB | 81/118 kB
Progress (2): 169/306 kB | 81/118 kB
Progress (2): 173/306 kB | 81/118 kB
Progress (2): 177/306 kB | 81/118 kB
Progress (2): 181/306 kB | 81/118 kB
Progress (2): 186/306 kB | 81/118 kB
Progress (2): 190/306 kB | 81/118 kB
Progress (2): 190/306 kB | 85/118 kB
Progress (2): 194/306 kB | 85/118 kB
Progress (2): 194/306 kB | 90/118 kB
Progress (2): 194/306 kB | 94/118 kB
Progress (2): 194/306 kB | 98/118 kB
Progress (2): 194/306 kB | 102/118 kB
Progress (2): 194/306 kB | 106/118 kB
Progress (2): 194/306 kB | 111/118 kB
Progress (2): 194/306 kB | 115/118 kB
Progress (2): 194/306 kB | 118 kB    
Progress (3): 194/306 kB | 118 kB | 0.9/474 kB
Progress (3): 194/306 kB | 118 kB | 2.3/474 kB
Progress (4): 194/306 kB | 118 kB | 2.3/474 kB | 0.9/61 kB
Progress (4): 194/306 kB | 118 kB | 3.7/474 kB | 0.9/61 kB
Progress (4): 194/306 kB | 118 kB | 3.7/474 kB | 2.3/61 kB
Progress (4): 194/306 kB | 118 kB | 3.7/474 kB | 3.7/61 kB
Progress (4): 194/306 kB | 118 kB | 5.0/474 kB | 3.7/61 kB
Progress (4): 194/306 kB | 118 kB | 5.0/474 kB | 5.0/61 kB
Progress (4): 194/306 kB | 118 kB | 6.4/474 kB | 5.0/61 kB
Progress (4): 194/306 kB | 118 kB | 6.4/474 kB | 6.4/61 kB
Progress (4): 194/306 kB | 118 kB | 7.8/474 kB | 6.4/61 kB
Progress (4): 194/306 kB | 118 kB | 7.8/474 kB | 7.8/61 kB
Progress (4): 194/306 kB | 118 kB | 9.1/474 kB | 7.8/61 kB
Progress (4): 194/306 kB | 118 kB | 9.1/474 kB | 9.1/61 kB
Progress (4): 194/306 kB | 118 kB | 11/474 kB | 9.1/61 kB 
Progress (4): 194/306 kB | 118 kB | 11/474 kB | 11/61 kB 
Progress (4): 194/306 kB | 118 kB | 12/474 kB | 11/61 kB
Progress (4): 194/306 kB | 118 kB | 12/474 kB | 12/61 kB
Progress (4): 194/306 kB | 118 kB | 13/474 kB | 12/61 kB
Progress (4): 194/306 kB | 118 kB | 15/474 kB | 12/61 kB
Progress (4): 194/306 kB | 118 kB | 15/474 kB | 13/61 kB
Progress (4): 194/306 kB | 118 kB | 15/474 kB | 15/61 kB
Progress (4): 194/306 kB | 118 kB | 16/474 kB | 15/61 kB
Progress (4): 194/306 kB | 118 kB | 16/474 kB | 16/61 kB
Progress (4): 194/306 kB | 118 kB | 17/474 kB | 16/61 kB
Progress (4): 194/306 kB | 118 kB | 17/474 kB | 17/61 kB
Progress (4): 194/306 kB | 118 kB | 19/474 kB | 17/61 kB
Progress (4): 194/306 kB | 118 kB | 20/474 kB | 17/61 kB
Progress (4): 194/306 kB | 118 kB | 21/474 kB | 17/61 kB
Progress (4): 194/306 kB | 118 kB | 21/474 kB | 19/61 kB
Progress (4): 194/306 kB | 118 kB | 23/474 kB | 19/61 kB
Progress (4): 194/306 kB | 118 kB | 23/474 kB | 20/61 kB
Progress (4): 194/306 kB | 118 kB | 24/474 kB | 20/61 kB
Progress (4): 194/306 kB | 118 kB | 24/474 kB | 21/61 kB
Progress (4): 194/306 kB | 118 kB | 25/474 kB | 21/61 kB
Progress (4): 194/306 kB | 118 kB | 25/474 kB | 23/61 kB
Progress (4): 194/306 kB | 118 kB | 26/474 kB | 23/61 kB
Progress (4): 194/306 kB | 118 kB | 26/474 kB | 24/61 kB
Progress (4): 194/306 kB | 118 kB | 27/474 kB | 24/61 kB
Progress (4): 194/306 kB | 118 kB | 27/474 kB | 26/61 kB
Progress (4): 194/306 kB | 118 kB | 32/474 kB | 26/61 kB
Progress (4): 194/306 kB | 118 kB | 32/474 kB | 27/61 kB
Progress (4): 194/306 kB | 118 kB | 32/474 kB | 28/61 kB
Progress (4): 194/306 kB | 118 kB | 32/474 kB | 30/61 kB
Progress (4): 194/306 kB | 118 kB | 36/474 kB | 30/61 kB
Progress (4): 198/306 kB | 118 kB | 36/474 kB | 30/61 kB
Progress (4): 198/306 kB | 118 kB | 36/474 kB | 31/61 kB
Progress (4): 198/306 kB | 118 kB | 40/474 kB | 31/61 kB
Progress (4): 198/306 kB | 118 kB | 40/474 kB | 32/61 kB
Progress (4): 203/306 kB | 118 kB | 40/474 kB | 32/61 kB
Progress (4): 203/306 kB | 118 kB | 44/474 kB | 32/61 kB
Progress (4): 203/306 kB | 118 kB | 44/474 kB | 34/61 kB
Progress (4): 207/306 kB | 118 kB | 44/474 kB | 34/61 kB
Progress (4): 207/306 kB | 118 kB | 44/474 kB | 35/61 kB
Progress (4): 207/306 kB | 118 kB | 48/474 kB | 35/61 kB
Progress (4): 207/306 kB | 118 kB | 48/474 kB | 37/61 kB
Progress (4): 207/306 kB | 118 kB | 53/474 kB | 37/61 kB
Progress (4): 207/306 kB | 118 kB | 53/474 kB | 38/61 kB
Progress (4): 207/306 kB | 118 kB | 53/474 kB | 39/61 kB
Progress (4): 207/306 kB | 118 kB | 57/474 kB | 39/61 kB
Progress (4): 207/306 kB | 118 kB | 57/474 kB | 41/61 kB
Progress (4): 207/306 kB | 118 kB | 57/474 kB | 45/61 kB
Progress (4): 207/306 kB | 118 kB | 61/474 kB | 45/61 kB
Progress (4): 207/306 kB | 118 kB | 61/474 kB | 49/61 kB
Progress (4): 207/306 kB | 118 kB | 61/474 kB | 53/61 kB
Progress (4): 207/306 kB | 118 kB | 61/474 kB | 58/61 kB
Progress (4): 207/306 kB | 118 kB | 61/474 kB | 61 kB   
                                                     
Downloaded from central: https://repo.maven.apache.org/maven2/org/apache/maven/surefire/surefire-booter/3.1.2/surefire-booter-3.1.2.jar (118 kB at 434 kB/s)
Progress (3): 211/306 kB | 61/474 kB | 61 kB
Progress (3): 215/306 kB | 61/474 kB | 61 kB
Progress (3): 219/306 kB | 61/474 kB | 61 kB
Progress (3): 224/306 kB | 61/474 kB | 61 kB
Progress (3): 240/306 kB | 61/474 kB | 61 kB
Progress (3): 256/306 kB | 61/474 kB | 61 kB
Progress (4): 256/306 kB | 61/474 kB | 61 kB | 0/2.3 MB
Progress (4): 256/306 kB | 61/474 kB | 61 kB | 0/2.3 MB
Progress (4): 256/306 kB | 61/474 kB | 61 kB | 0/2.3 MB
Progress (4): 273/306 kB | 61/474 kB | 61 kB | 0/2.3 MB
Progress (4): 274/306 kB | 61/474 kB | 61 kB | 0/2.3 MB
Progress (4): 274/306 kB | 61/474 kB | 61 kB | 0/2.3 MB
Progress (4): 274/306 kB | 61/474 kB | 61 kB | 0.1/2.3 MB
                                                         
Downloaded from central: https://repo.maven.apache.org/maven2/org/apache/maven/shared/maven-common-artifact-filters/3.1.1/maven-common-artifact-filters-3.1.1.jar (61 kB at 221 kB/s)
Progress (3): 291/306 kB | 61/474 kB | 0.1/2.3 MB
Progress (3): 291/306 kB | 61/474 kB | 0.1/2.3 MB
Progress (3): 291/306 kB | 61/474 kB | 0.1/2.3 MB
Progress (3): 306 kB | 61/474 kB | 0.1/2.3 MB    
Progress (3): 306 kB | 61/474 kB | 0.1/2.3 MB
Progress (3): 306 kB | 61/474 kB | 0.1/2.3 MB
Progress (3): 306 kB | 61/474 kB | 0.1/2.3 MB
Progress (3): 306 kB | 61/474 kB | 0.2/2.3 MB
Progress (3): 306 kB | 61/474 kB | 0.2/2.3 MB
Progress (3): 306 kB | 61/474 kB | 0.2/2.3 MB
Progress (3): 306 kB | 61/474 kB | 0.2/2.3 MB
Progress (3): 306 kB | 61/474 kB | 0.2/2.3 MB
                                             
Downloaded from central: https://repo.maven.apache.org/maven2/org/apache/maven/surefire/maven-surefire-common/3.1.2/maven-surefire-common-3.1.2.jar (306 kB at 737 kB/s)
Progress (2): 61/474 kB | 0.2/2.3 MB
Progress (2): 65/474 kB | 0.2/2.3 MB
Progress (2): 65/474 kB | 0.3/2.3 MB
Progress (2): 70/474 kB | 0.3/2.3 MB
Progress (2): 74/474 kB | 0.3/2.3 MB
Progress (2): 74/474 kB | 0.3/2.3 MB
Progress (2): 78/474 kB | 0.3/2.3 MB
Progress (2): 82/474 kB | 0.3/2.3 MB
Progress (2): 87/474 kB | 0.3/2.3 MB
Progress (2): 91/474 kB | 0.3/2.3 MB
Progress (2): 95/474 kB | 0.3/2.3 MB
Progress (2): 99/474 kB | 0.3/2.3 MB
Progress (2): 99/474 kB | 0.3/2.3 MB
Progress (2): 103/474 kB | 0.3/2.3 MB
Progress (2): 108/474 kB | 0.3/2.3 MB
Progress (2): 112/474 kB | 0.3/2.3 MB
Progress (2): 116/474 kB | 0.3/2.3 MB
Progress (2): 116/474 kB | 0.3/2.3 MB
Progress (2): 120/474 kB | 0.3/2.3 MB
Progress (2): 125/474 kB | 0.3/2.3 MB
Progress (2): 129/474 kB | 0.3/2.3 MB
Progress (2): 133/474 kB | 0.3/2.3 MB
Progress (2): 137/474 kB | 0.3/2.3 MB
Progress (2): 141/474 kB | 0.3/2.3 MB
Progress (2): 146/474 kB | 0.3/2.3 MB
Progress (2): 150/474 kB | 0.3/2.3 MB
Progress (2): 154/474 kB | 0.3/2.3 MB
Progress (2): 156/474 kB | 0.3/2.3 MB
Progress (2): 156/474 kB | 0.3/2.3 MB
Progress (2): 160/474 kB | 0.3/2.3 MB
Progress (2): 164/474 kB | 0.3/2.3 MB
Progress (2): 168/474 kB | 0.3/2.3 MB
Progress (2): 173/474 kB | 0.3/2.3 MB
Progress (2): 177/474 kB | 0.3/2.3 MB
Progress (2): 181/474 kB | 0.3/2.3 MB
Progress (2): 181/474 kB | 0.3/2.3 MB
Progress (2): 185/474 kB | 0.3/2.3 MB
Progress (2): 189/474 kB | 0.3/2.3 MB
Progress (2): 194/474 kB | 0.3/2.3 MB
Progress (2): 194/474 kB | 0.4/2.3 MB
Progress (2): 194/474 kB | 0.4/2.3 MB
Progress (2): 194/474 kB | 0.4/2.3 MB
Progress (2): 194/474 kB | 0.4/2.3 MB
Progress (2): 194/474 kB | 0.4/2.3 MB
Progress (2): 194/474 kB | 0.4/2.3 MB
Progress (2): 194/474 kB | 0.5/2.3 MB
Progress (2): 194/474 kB | 0.5/2.3 MB
Progress (2): 194/474 kB | 0.5/2.3 MB
Progress (2): 210/474 kB | 0.5/2.3 MB
Progress (2): 210/474 kB | 0.5/2.3 MB
Progress (2): 226/474 kB | 0.5/2.3 MB
Progress (2): 226/474 kB | 0.5/2.3 MB
Progress (2): 243/474 kB | 0.5/2.3 MB
Progress (2): 259/474 kB | 0.5/2.3 MB
Progress (2): 259/474 kB | 0.5/2.3 MB
Progress (2): 276/474 kB | 0.5/2.3 MB
Progress (2): 276/474 kB | 0.5/2.3 MB
Progress (2): 287/474 kB | 0.5/2.3 MB
Progress (2): 287/474 kB | 0.6/2.3 MB
Progress (2): 303/474 kB | 0.6/2.3 MB
Progress (2): 303/474 kB | 0.6/2.3 MB
Progress (2): 319/474 kB | 0.6/2.3 MB
Progress (2): 319/474 kB | 0.6/2.3 MB
Progress (2): 319/474 kB | 0.6/2.3 MB
Progress (2): 319/474 kB | 0.6/2.3 MB
Progress (2): 319/474 kB | 0.6/2.3 MB
Progress (2): 319/474 kB | 0.7/2.3 MB
Progress (2): 319/474 kB | 0.7/2.3 MB
Progress (2): 319/474 kB | 0.7/2.3 MB
Progress (2): 319/474 kB | 0.7/2.3 MB
Progress (2): 319/474 kB | 0.7/2.3 MB
Progress (2): 319/474 kB | 0.7/2.3 MB
Progress (2): 319/474 kB | 0.8/2.3 MB
Progress (2): 319/474 kB | 0.8/2.3 MB
Progress (2): 319/474 kB | 0.8/2.3 MB
Progress (2): 319/474 kB | 0.8/2.3 MB
Progress (2): 336/474 kB | 0.8/2.3 MB
Progress (2): 336/474 kB | 0.8/2.3 MB
Progress (2): 352/474 kB | 0.8/2.3 MB
Progress (2): 369/474 kB | 0.8/2.3 MB
Progress (2): 385/474 kB | 0.8/2.3 MB
Progress (2): 385/474 kB | 0.8/2.3 MB
Progress (2): 401/474 kB | 0.8/2.3 MB
Progress (2): 401/474 kB | 0.9/2.3 MB
Progress (2): 418/474 kB | 0.9/2.3 MB
Progress (2): 418/474 kB | 0.9/2.3 MB
Progress (2): 418/474 kB | 0.9/2.3 MB
Progress (2): 434/474 kB | 0.9/2.3 MB
Progress (2): 451/474 kB | 0.9/2.3 MB
Progress (2): 467/474 kB | 0.9/2.3 MB
Progress (2): 467/474 kB | 0.9/2.3 MB
Progress (2): 474 kB | 0.9/2.3 MB    
Progress (2): 474 kB | 0.9/2.3 MB
Progress (2): 474 kB | 0.9/2.3 MB
Progress (2): 474 kB | 1.0/2.3 MB
Progress (2): 474 kB | 1.0/2.3 MB
Progress (2): 474 kB | 1.0/2.3 MB
Progress (2): 474 kB | 1.0/2.3 MB
Progress (2): 474 kB | 1.0/2.3 MB
Progress (2): 474 kB | 1.0/2.3 MB
Progress (2): 474 kB | 1.1/2.3 MB
Progress (2): 474 kB | 1.1/2.3 MB
Progress (2): 474 kB | 1.1/2.3 MB
Progress (2): 474 kB | 1.1/2.3 MB
Progress (2): 474 kB | 1.1/2.3 MB
Progress (2): 474 kB | 1.1/2.3 MB
                                 
Downloaded from central: https://repo.maven.apache.org/maven2/commons-io/commons-io/2.12.0/commons-io-2.12.0.jar (474 kB at 597 kB/s)
Progress (1): 1.2/2.3 MB
Progress (1): 1.2/2.3 MB
Progress (1): 1.2/2.3 MB
Progress (1): 1.2/2.3 MB
Progress (1): 1.2/2.3 MB
Progress (1): 1.2/2.3 MB
Progress (1): 1.3/2.3 MB
Progress (1): 1.3/2.3 MB
Progress (1): 1.3/2.3 MB
Progress (1): 1.3/2.3 MB
Progress (1): 1.3/2.3 MB
Progress (1): 1.3/2.3 MB
Progress (1): 1.4/2.3 MB
Progress (1): 1.4/2.3 MB
Progress (1): 1.4/2.3 MB
Progress (1): 1.4/2.3 MB
Progress (1): 1.4/2.3 MB
Progress (1): 1.4/2.3 MB
Progress (1): 1.4/2.3 MB
Progress (1): 1.5/2.3 MB
Progress (1): 1.5/2.3 MB
Progress (1): 1.5/2.3 MB
Progress (1): 1.5/2.3 MB
Progress (1): 1.5/2.3 MB
Progress (1): 1.5/2.3 MB
Progress (1): 1.6/2.3 MB
Progress (1): 1.6/2.3 MB
Progress (1): 1.6/2.3 MB
Progress (1): 1.6/2.3 MB
Progress (1): 1.6/2.3 MB
Progress (1): 1.6/2.3 MB
Progress (1): 1.7/2.3 MB
Progress (1): 1.7/2.3 MB
Progress (1): 1.7/2.3 MB
Progress (1): 1.7/2.3 MB
Progress (1): 1.7/2.3 MB
Progress (1): 1.7/2.3 MB
Progress (1): 1.8/2.3 MB
Progress (1): 1.8/2.3 MB
Progress (1): 1.8/2.3 MB
Progress (1): 1.8/2.3 MB
Progress (1): 1.8/2.3 MB
Progress (1): 1.8/2.3 MB
Progress (1): 1.9/2.3 MB
Progress (1): 1.9/2.3 MB
Progress (1): 1.9/2.3 MB
Progress (1): 1.9/2.3 MB
Progress (1): 1.9/2.3 MB
Progress (1): 1.9/2.3 MB
Progress (1): 2.0/2.3 MB
Progress (1): 2.0/2.3 MB
Progress (1): 2.0/2.3 MB
Progress (1): 2.0/2.3 MB
Progress (1): 2.0/2.3 MB
Progress (1): 2.0/2.3 MB
Progress (1): 2.1/2.3 MB
Progress (1): 2.1/2.3 MB
Progress (1): 2.1/2.3 MB
Progress (1): 2.1/2.3 MB
Progress (1): 2.1/2.3 MB
Progress (1): 2.1/2.3 MB
Progress (1): 2.2/2.3 MB
Progress (1): 2.2/2.3 MB
Progress (1): 2.2/2.3 MB
Progress (1): 2.2/2.3 MB
Progress (1): 2.2/2.3 MB
Progress (1): 2.2/2.3 MB
Progress (1): 2.3/2.3 MB
Progress (1): 2.3/2.3 MB
Progress (1): 2.3/2.3 MB
Progress (1): 2.3/2.3 MB
Progress (1): 2.3/2.3 MB
Progress (1): 2.3/2.3 MB
Progress (1): 2.3 MB    
                    
Downloaded from central: https://repo.maven.apache.org/maven2/org/apache/maven/surefire/surefire-shared-utils/3.1.2/surefire-shared-utils-3.1.2.jar (2.3 MB at 1.9 MB/s)
[INFO] Tests are skipped.
[INFO] 
[INFO] --- jar:3.3.0:jar (default-jar) @ backend ---
Downloading from central: https://repo.maven.apache.org/maven2/org/apache/maven/maven-archiver/3.6.0/maven-archiver-3.6.0.pom
Progress (1): 796 B
Progress (1): 2.2 kB
Progress (1): 3.9 kB
                    
Downloaded from central: https://repo.maven.apache.org/maven2/org/apache/maven/maven-archiver/3.6.0/maven-archiver-3.6.0.pom (3.9 kB at 74 kB/s)
Downloading from central: https://repo.maven.apache.org/maven2/org/codehaus/plexus/plexus-io/3.4.0/plexus-io-3.4.0.pom
Progress (1): 1.2 kB
Progress (1): 3.8 kB
Progress (1): 6.0 kB
                    
Downloaded from central: https://repo.maven.apache.org/maven2/org/codehaus/plexus/plexus-io/3.4.0/plexus-io-3.4.0.pom (6.0 kB at 68 kB/s)
Downloading from central: https://repo.maven.apache.org/maven2/org/codehaus/plexus/plexus-archiver/4.4.0/plexus-archiver-4.4.0.pom
Progress (1): 1.2 kB
Progress (1): 4.0 kB
Progress (1): 6.2 kB
Progress (1): 6.3 kB
                    
Downloaded from central: https://repo.maven.apache.org/maven2/org/codehaus/plexus/plexus-archiver/4.4.0/plexus-archiver-4.4.0.pom (6.3 kB at 161 kB/s)
Downloading from central: https://repo.maven.apache.org/maven2/org/codehaus/plexus/plexus-utils/3.4.2/plexus-utils-3.4.2.pom
Progress (1): 729 B
Progress (1): 2.3 kB
Progress (1): 4.7 kB
Progress (1): 8.2 kB
                    
Downloaded from central: https://repo.maven.apache.org/maven2/org/codehaus/plexus/plexus-utils/3.4.2/plexus-utils-3.4.2.pom (8.2 kB at 191 kB/s)
Downloading from central: https://repo.maven.apache.org/maven2/org/apache/maven/maven-archiver/3.6.0/maven-archiver-3.6.0.jar
Downloading from central: https://repo.maven.apache.org/maven2/org/codehaus/plexus/plexus-io/3.4.0/plexus-io-3.4.0.jar
Downloading from central: https://repo.maven.apache.org/maven2/org/codehaus/plexus/plexus-archiver/4.4.0/plexus-archiver-4.4.0.jar
Downloading from central: https://repo.maven.apache.org/maven2/org/codehaus/plexus/plexus-utils/3.4.2/plexus-utils-3.4.2.jar
Progress (1): 7.7/267 kB
Progress (2): 7.7/267 kB | 7.7/79 kB
Progress (2): 16/267 kB | 7.7/79 kB 
Progress (2): 16/267 kB | 16/79 kB 
Progress (3): 16/267 kB | 16/79 kB | 3.8/26 kB
Progress (3): 16/267 kB | 16/79 kB | 8.0/26 kB
Progress (3): 16/267 kB | 29/79 kB | 8.0/26 kB
Progress (3): 16/267 kB | 29/79 kB | 12/26 kB 
Progress (3): 32/267 kB | 29/79 kB | 12/26 kB
Progress (3): 32/267 kB | 29/79 kB | 16/26 kB
Progress (3): 32/267 kB | 45/79 kB | 16/26 kB
Progress (3): 32/267 kB | 45/79 kB | 21/26 kB
Progress (3): 32/267 kB | 45/79 kB | 25/26 kB
Progress (3): 32/267 kB | 45/79 kB | 26 kB   
Progress (4): 32/267 kB | 45/79 kB | 26 kB | 7.7/211 kB
Progress (4): 32/267 kB | 45/79 kB | 26 kB | 16/211 kB 
Progress (4): 32/267 kB | 61/79 kB | 26 kB | 16/211 kB
Progress (4): 32/267 kB | 61/79 kB | 26 kB | 32/211 kB
Progress (4): 49/267 kB | 61/79 kB | 26 kB | 32/211 kB
Progress (4): 49/267 kB | 61/79 kB | 26 kB | 49/211 kB
Progress (4): 49/267 kB | 61/79 kB | 26 kB | 57/211 kB
Progress (4): 65/267 kB | 61/79 kB | 26 kB | 57/211 kB
Progress (4): 65/267 kB | 78/79 kB | 26 kB | 57/211 kB
Progress (4): 65/267 kB | 79 kB | 26 kB | 57/211 kB   
Progress (4): 65/267 kB | 79 kB | 26 kB | 74/211 kB
Progress (4): 65/267 kB | 79 kB | 26 kB | 90/211 kB
Progress (4): 81/267 kB | 79 kB | 26 kB | 90/211 kB
Progress (4): 98/267 kB | 79 kB | 26 kB | 90/211 kB
Progress (4): 98/267 kB | 79 kB | 26 kB | 106/211 kB
Progress (4): 98/267 kB | 79 kB | 26 kB | 123/211 kB
Progress (4): 98/267 kB | 79 kB | 26 kB | 139/211 kB
Progress (4): 114/267 kB | 79 kB | 26 kB | 139/211 kB
Progress (4): 114/267 kB | 79 kB | 26 kB | 156/211 kB
Progress (4): 114/267 kB | 79 kB | 26 kB | 172/211 kB
                                                     
Downloaded from central: https://repo.maven.apache.org/maven2/org/apache/maven/maven-archiver/3.6.0/maven-archiver-3.6.0.jar (26 kB at 359 kB/s)
Downloaded from central: https://repo.maven.apache.org/maven2/org/codehaus/plexus/plexus-io/3.4.0/plexus-io-3.4.0.jar (79 kB at 1.0 MB/s)
Progress (2): 131/267 kB | 172/211 kB
Progress (2): 147/267 kB | 172/211 kB
Progress (2): 147/267 kB | 188/211 kB
Progress (2): 163/267 kB | 188/211 kB
Progress (2): 163/267 kB | 205/211 kB
Progress (2): 163/267 kB | 211 kB    
Progress (2): 180/267 kB | 211 kB
Progress (2): 196/267 kB | 211 kB
Progress (2): 213/267 kB | 211 kB
Progress (2): 229/267 kB | 211 kB
Progress (2): 245/267 kB | 211 kB
                                 
Downloaded from central: https://repo.maven.apache.org/maven2/org/codehaus/plexus/plexus-archiver/4.4.0/plexus-archiver-4.4.0.jar (211 kB at 2.2 MB/s)
Progress (1): 262/267 kB
Progress (1): 267 kB    
                    
Downloaded from central: https://repo.maven.apache.org/maven2/org/codehaus/plexus/plexus-utils/3.4.2/plexus-utils-3.4.2.jar (267 kB at 2.6 MB/s)
[INFO] Building jar: C:\Users\CHAITANYA\Desktop\Chaitzzz\backend\target\backend-0.0.1-SNAPSHOT.jar
[INFO] 
[INFO] --- spring-boot:3.2.4:repackage (repackage) @ backend ---
Downloading from central: https://repo.maven.apache.org/maven2/org/springframework/boot/spring-boot-buildpack-platform/3.2.4/spring-boot-buildpack-platform-3.2.4.pom
Progress (1): 970 B
Progress (1): 3.2 kB
                    
Downloaded from central: https://repo.maven.apache.org/maven2/org/springframework/boot/spring-boot-buildpack-platform/3.2.4/spring-boot-buildpack-platform-3.2.4.pom (3.2 kB at 43 kB/s)
Downloading from central: https://repo.maven.apache.org/maven2/com/fasterxml/jackson/core/jackson-databind/2.14.2/jackson-databind-2.14.2.pom
Progress (1): 976 B
Progress (1): 2.4 kB
Progress (1): 3.9 kB
Progress (1): 6.1 kB
Progress (1): 8.4 kB
Progress (1): 10 kB 
Progress (1): 14 kB
Progress (1): 16 kB
Progress (1): 18 kB
Progress (1): 19 kB
                   
Downloaded from central: https://repo.maven.apache.org/maven2/com/fasterxml/jackson/core/jackson-databind/2.14.2/jackson-databind-2.14.2.pom (19 kB at 250 kB/s)
Downloading from central: https://repo.maven.apache.org/maven2/com/fasterxml/jackson/jackson-base/2.14.2/jackson-base-2.14.2.pom
Progress (1): 922 B
Progress (1): 2.5 kB
Progress (1): 4.4 kB
Progress (1): 6.2 kB
Progress (1): 8.6 kB
Progress (1): 10 kB 
                   
Downloaded from central: https://repo.maven.apache.org/maven2/com/fasterxml/jackson/jackson-base/2.14.2/jackson-base-2.14.2.pom (10 kB at 79 kB/s)
Downloading from central: https://repo.maven.apache.org/maven2/com/fasterxml/jackson/jackson-bom/2.14.2/jackson-bom-2.14.2.pom
Progress (1): 931 B
Progress (1): 2.7 kB
Progress (1): 8.1 kB
Progress (1): 17 kB 
Progress (1): 17 kB
                   
Downloaded from central: https://repo.maven.apache.org/maven2/com/fasterxml/jackson/jackson-bom/2.14.2/jackson-bom-2.14.2.pom (17 kB at 350 kB/s)
Downloading from central: https://repo.maven.apache.org/maven2/com/fasterxml/jackson/jackson-parent/2.14/jackson-parent-2.14.pom
Progress (1): 1.1 kB
Progress (1): 2.6 kB
Progress (1): 4.0 kB
Progress (1): 6.5 kB
Progress (1): 7.7 kB
                    
Downloaded from central: https://repo.maven.apache.org/maven2/com/fasterxml/jackson/jackson-parent/2.14/jackson-parent-2.14.pom (7.7 kB at 219 kB/s)
Downloading from central: https://repo.maven.apache.org/maven2/com/fasterxml/oss-parent/48/oss-parent-48.pom
Progress (1): 954 B
Progress (1): 2.6 kB
Progress (1): 4.0 kB
Progress (1): 6.0 kB
Progress (1): 9.7 kB
Progress (1): 12 kB 
Progress (1): 15 kB
Progress (1): 18 kB
Progress (1): 21 kB
Progress (1): 24 kB
                   
Downloaded from central: https://repo.maven.apache.org/maven2/com/fasterxml/oss-parent/48/oss-parent-48.pom (24 kB at 505 kB/s)
Downloading from central: https://repo.maven.apache.org/maven2/com/fasterxml/jackson/core/jackson-annotations/2.14.2/jackson-annotations-2.14.2.pom
Progress (1): 946 B
Progress (1): 2.4 kB
Progress (1): 3.9 kB
Progress (1): 6.2 kB
                    
Downloaded from central: https://repo.maven.apache.org/maven2/com/fasterxml/jackson/core/jackson-annotations/2.14.2/jackson-annotations-2.14.2.pom (6.2 kB at 144 kB/s)
Downloading from central: https://repo.maven.apache.org/maven2/com/fasterxml/jackson/core/jackson-core/2.14.2/jackson-core-2.14.2.pom
Progress (1): 992 B
Progress (1): 2.4 kB
Progress (1): 4.0 kB
Progress (1): 6.0 kB
Progress (1): 7.0 kB
                    
Downloaded from central: https://repo.maven.apache.org/maven2/com/fasterxml/jackson/core/jackson-core/2.14.2/jackson-core-2.14.2.pom (7.0 kB at 102 kB/s)
Downloading from central: https://repo.maven.apache.org/maven2/com/fasterxml/jackson/module/jackson-module-parameter-names/2.14.2/jackson-module-parameter-names-2.14.2.pom
Progress (1): 973 B
Progress (1): 2.9 kB
Progress (1): 4.4 kB
                    
Downloaded from central: https://repo.maven.apache.org/maven2/com/fasterxml/jackson/module/jackson-module-parameter-names/2.14.2/jackson-module-parameter-names-2.14.2.pom (4.4 kB at 101 kB/s)
Downloading from central: https://repo.maven.apache.org/maven2/com/fasterxml/jackson/module/jackson-modules-java8/2.14.2/jackson-modules-java8-2.14.2.pom
Progress (1): 1.4 kB
Progress (1): 3.1 kB
                    
Downloaded from central: https://repo.maven.apache.org/maven2/com/fasterxml/jackson/module/jackson-modules-java8/2.14.2/jackson-modules-java8-2.14.2.pom (3.1 kB at 69 kB/s)
Downloading from central: https://repo.maven.apache.org/maven2/org/apache/httpcomponents/client5/httpclient5/5.2.3/httpclient5-5.2.3.pom
Progress (1): 869 B
Progress (1): 3.2 kB
Progress (1): 5.5 kB
Progress (1): 6.0 kB
                    
Downloaded from central: https://repo.maven.apache.org/maven2/org/apache/httpcomponents/client5/httpclient5/5.2.3/httpclient5-5.2.3.pom (6.0 kB at 149 kB/s)
Downloading from central: https://repo.maven.apache.org/maven2/org/apache/httpcomponents/client5/httpclient5-parent/5.2.3/httpclient5-parent-5.2.3.pom
Progress (1): 837 B
Progress (1): 2.2 kB
Progress (1): 4.0 kB
Progress (1): 8.7 kB
Progress (1): 12 kB 
Progress (1): 15 kB
Progress (1): 17 kB
                   
Downloaded from central: https://repo.maven.apache.org/maven2/org/apache/httpcomponents/client5/httpclient5-parent/5.2.3/httpclient5-parent-5.2.3.pom (17 kB at 268 kB/s)
Downloading from central: https://repo.maven.apache.org/maven2/org/apache/httpcomponents/core5/httpcore5/5.2.4/httpcore5-5.2.4.pom
Progress (1): 883 B
Progress (1): 2.9 kB
Progress (1): 3.9 kB
                    
Downloaded from central: https://repo.maven.apache.org/maven2/org/apache/httpcomponents/core5/httpcore5/5.2.4/httpcore5-5.2.4.pom (3.9 kB at 41 kB/s)
Downloading from central: https://repo.maven.apache.org/maven2/org/apache/httpcomponents/core5/httpcore5-parent/5.2.4/httpcore5-parent-5.2.4.pom
Progress (1): 847 B
Progress (1): 2.2 kB
Progress (1): 3.9 kB
Progress (1): 7.3 kB
Progress (1): 10 kB 
Progress (1): 14 kB
                   
Downloaded from central: https://repo.maven.apache.org/maven2/org/apache/httpcomponents/core5/httpcore5-parent/5.2.4/httpcore5-parent-5.2.4.pom (14 kB at 151 kB/s)
Downloading from central: https://repo.maven.apache.org/maven2/org/apache/httpcomponents/core5/httpcore5-h2/5.2.4/httpcore5-h2-5.2.4.pom
Progress (1): 889 B
Progress (1): 3.1 kB
Progress (1): 3.6 kB
                    
Downloaded from central: https://repo.maven.apache.org/maven2/org/apache/httpcomponents/core5/httpcore5-h2/5.2.4/httpcore5-h2-5.2.4.pom (3.6 kB at 42 kB/s)
Downloading from central: https://repo.maven.apache.org/maven2/org/springframework/spring-core/6.0.10/spring-core-6.0.10.pom
Progress (1): 1.1 kB
Progress (1): 2.0 kB
                    
Downloaded from central: https://repo.maven.apache.org/maven2/org/springframework/spring-core/6.0.10/spring-core-6.0.10.pom (2.0 kB at 41 kB/s)
Downloading from central: https://repo.maven.apache.org/maven2/org/springframework/spring-jcl/6.0.10/spring-jcl-6.0.10.pom
Progress (1): 1.1 kB
Progress (1): 1.8 kB
                    
Downloaded from central: https://repo.maven.apache.org/maven2/org/springframework/spring-jcl/6.0.10/spring-jcl-6.0.10.pom (1.8 kB at 45 kB/s)
Downloading from central: https://repo.maven.apache.org/maven2/org/springframework/boot/spring-boot-loader-tools/3.2.4/spring-boot-loader-tools-3.2.4.pom
Progress (1): 1.0 kB
Progress (1): 2.2 kB
                    
Downloaded from central: https://repo.maven.apache.org/maven2/org/springframework/boot/spring-boot-loader-tools/3.2.4/spring-boot-loader-tools-3.2.4.pom (2.2 kB at 57 kB/s)
Downloading from central: https://repo.maven.apache.org/maven2/org/springframework/boot/spring-boot-buildpack-platform/3.2.4/spring-boot-buildpack-platform-3.2.4.jar
Downloading from central: https://repo.maven.apache.org/maven2/com/fasterxml/jackson/core/jackson-databind/2.14.2/jackson-databind-2.14.2.jar
Downloading from central: https://repo.maven.apache.org/maven2/com/fasterxml/jackson/core/jackson-annotations/2.14.2/jackson-annotations-2.14.2.jar
Downloading from central: https://repo.maven.apache.org/maven2/com/fasterxml/jackson/core/jackson-core/2.14.2/jackson-core-2.14.2.jar
Downloading from central: https://repo.maven.apache.org/maven2/com/fasterxml/jackson/module/jackson-module-parameter-names/2.14.2/jackson-module-parameter-names-2.14.2.jar
Progress (1): 0/1.6 MB
Progress (1): 0/1.6 MB
Progress (1): 0/1.6 MB
Progress (2): 0/1.6 MB | 7.7/459 kB
Progress (3): 0/1.6 MB | 7.7/459 kB | 7.7/77 kB
Progress (3): 0/1.6 MB | 16/459 kB | 7.7/77 kB 
Progress (3): 0/1.6 MB | 16/459 kB | 16/77 kB 
Progress (3): 0/1.6 MB | 16/459 kB | 16/77 kB
Progress (3): 0/1.6 MB | 16/459 kB | 32/77 kB
Progress (3): 0/1.6 MB | 32/459 kB | 32/77 kB
Progress (3): 0.1/1.6 MB | 32/459 kB | 32/77 kB
Progress (3): 0.1/1.6 MB | 48/459 kB | 32/77 kB
Progress (3): 0.1/1.6 MB | 48/459 kB | 49/77 kB
Progress (3): 0.1/1.6 MB | 48/459 kB | 65/77 kB
Progress (3): 0.1/1.6 MB | 65/459 kB | 65/77 kB
Progress (3): 0.1/1.6 MB | 65/459 kB | 77 kB   
Progress (3): 0.1/1.6 MB | 65/459 kB | 77 kB
Progress (3): 0.1/1.6 MB | 81/459 kB | 77 kB
Progress (4): 0.1/1.6 MB | 81/459 kB | 77 kB | 3.8/272 kB
Progress (5): 0.1/1.6 MB | 81/459 kB | 77 kB | 3.8/272 kB | 3.8/9.5 kB
Progress (5): 0.1/1.6 MB | 81/459 kB | 77 kB | 8.0/272 kB | 3.8/9.5 kB
Progress (5): 0.1/1.6 MB | 81/459 kB | 77 kB | 8.0/272 kB | 8.0/9.5 kB
Progress (5): 0.1/1.6 MB | 81/459 kB | 77 kB | 8.0/272 kB | 9.5 kB    
Progress (5): 0.1/1.6 MB | 81/459 kB | 77 kB | 12/272 kB | 9.5 kB 
Progress (5): 0.1/1.6 MB | 81/459 kB | 77 kB | 16/272 kB | 9.5 kB
Progress (5): 0.1/1.6 MB | 81/459 kB | 77 kB | 16/272 kB | 9.5 kB
Progress (5): 0.1/1.6 MB | 98/459 kB | 77 kB | 16/272 kB | 9.5 kB
Progress (5): 0.1/1.6 MB | 98/459 kB | 77 kB | 20/272 kB | 9.5 kB
Progress (5): 0.1/1.6 MB | 98/459 kB | 77 kB | 24/272 kB | 9.5 kB
Progress (5): 0.1/1.6 MB | 98/459 kB | 77 kB | 28/272 kB | 9.5 kB
Progress (5): 0.1/1.6 MB | 98/459 kB | 77 kB | 33/272 kB | 9.5 kB
Progress (5): 0.1/1.6 MB | 98/459 kB | 77 kB | 33/272 kB | 9.5 kB
Progress (5): 0.1/1.6 MB | 98/459 kB | 77 kB | 37/272 kB | 9.5 kB
Progress (5): 0.1/1.6 MB | 98/459 kB | 77 kB | 41/272 kB | 9.5 kB
Progress (5): 0.1/1.6 MB | 98/459 kB | 77 kB | 45/272 kB | 9.5 kB
Progress (5): 0.1/1.6 MB | 98/459 kB | 77 kB | 50/272 kB | 9.5 kB
Progress (5): 0.1/1.6 MB | 114/459 kB | 77 kB | 50/272 kB | 9.5 kB
Progress (5): 0.1/1.6 MB | 114/459 kB | 77 kB | 54/272 kB | 9.5 kB
Progress (5): 0.1/1.6 MB | 114/459 kB | 77 kB | 58/272 kB | 9.5 kB
Progress (5): 0.1/1.6 MB | 114/459 kB | 77 kB | 62/272 kB | 9.5 kB
Progress (5): 0.1/1.6 MB | 130/459 kB | 77 kB | 62/272 kB | 9.5 kB
Progress (5): 0.1/1.6 MB | 130/459 kB | 77 kB | 62/272 kB | 9.5 kB
Progress (5): 0.1/1.6 MB | 130/459 kB | 77 kB | 66/272 kB | 9.5 kB
Progress (5): 0.1/1.6 MB | 130/459 kB | 77 kB | 71/272 kB | 9.5 kB
Progress (5): 0.1/1.6 MB | 130/459 kB | 77 kB | 75/272 kB | 9.5 kB
Progress (5): 0.1/1.6 MB | 130/459 kB | 77 kB | 75/272 kB | 9.5 kB
Progress (5): 0.1/1.6 MB | 147/459 kB | 77 kB | 75/272 kB | 9.5 kB
Progress (5): 0.1/1.6 MB | 147/459 kB | 77 kB | 79/272 kB | 9.5 kB
Progress (5): 0.1/1.6 MB | 147/459 kB | 77 kB | 83/272 kB | 9.5 kB
Progress (5): 0.1/1.6 MB | 147/459 kB | 77 kB | 88/272 kB | 9.5 kB
Progress (5): 0.1/1.6 MB | 147/459 kB | 77 kB | 92/272 kB | 9.5 kB
Progress (5): 0.1/1.6 MB | 147/459 kB | 77 kB | 96/272 kB | 9.5 kB
Progress (5): 0.1/1.6 MB | 163/459 kB | 77 kB | 96/272 kB | 9.5 kB
Progress (5): 0.1/1.6 MB | 163/459 kB | 77 kB | 100/272 kB | 9.5 kB
                                                                   
Downloaded from central: https://repo.maven.apache.org/maven2/com/fasterxml/jackson/core/jackson-annotations/2.14.2/jackson-annotations-2.14.2.jar (77 kB at 1.0 MB/s)
Downloading from central: https://repo.maven.apache.org/maven2/org/apache/httpcomponents/client5/httpclient5/5.2.3/httpclient5-5.2.3.jar
Downloaded from central: https://repo.maven.apache.org/maven2/com/fasterxml/jackson/module/jackson-module-parameter-names/2.14.2/jackson-module-parameter-names-2.14.2.jar (9.5 kB at 130 kB/s)
Downloading from central: https://repo.maven.apache.org/maven2/org/apache/httpcomponents/core5/httpcore5/5.2.4/httpcore5-5.2.4.jar
Progress (3): 0.1/1.6 MB | 163/459 kB | 104/272 kB
Progress (3): 0.2/1.6 MB | 163/459 kB | 104/272 kB
Progress (3): 0.2/1.6 MB | 180/459 kB | 104/272 kB
Progress (3): 0.2/1.6 MB | 180/459 kB | 121/272 kB
Progress (3): 0.2/1.6 MB | 196/459 kB | 121/272 kB
Progress (3): 0.2/1.6 MB | 196/459 kB | 121/272 kB
Progress (3): 0.2/1.6 MB | 196/459 kB | 121/272 kB
Progress (3): 0.2/1.6 MB | 212/459 kB | 121/272 kB
Progress (3): 0.2/1.6 MB | 229/459 kB | 121/272 kB
Progress (3): 0.2/1.6 MB | 245/459 kB | 121/272 kB
Progress (3): 0.2/1.6 MB | 245/459 kB | 121/272 kB
Progress (3): 0.2/1.6 MB | 261/459 kB | 121/272 kB
Progress (3): 0.2/1.6 MB | 261/459 kB | 121/272 kB
Progress (3): 0.2/1.6 MB | 278/459 kB | 121/272 kB
Progress (3): 0.2/1.6 MB | 294/459 kB | 121/272 kB
Progress (3): 0.2/1.6 MB | 294/459 kB | 121/272 kB
Progress (3): 0.2/1.6 MB | 311/459 kB | 121/272 kB
Progress (3): 0.3/1.6 MB | 311/459 kB | 121/272 kB
Progress (3): 0.3/1.6 MB | 327/459 kB | 121/272 kB
Progress (3): 0.3/1.6 MB | 343/459 kB | 121/272 kB
Progress (3): 0.3/1.6 MB | 343/459 kB | 121/272 kB
Progress (3): 0.3/1.6 MB | 360/459 kB | 121/272 kB
Progress (3): 0.3/1.6 MB | 360/459 kB | 121/272 kB
Progress (3): 0.3/1.6 MB | 360/459 kB | 121/272 kB
Progress (3): 0.3/1.6 MB | 360/459 kB | 121/272 kB
Progress (3): 0.3/1.6 MB | 360/459 kB | 121/272 kB
Progress (3): 0.4/1.6 MB | 360/459 kB | 121/272 kB
Progress (3): 0.4/1.6 MB | 360/459 kB | 121/272 kB
Progress (3): 0.4/1.6 MB | 376/459 kB | 121/272 kB
Progress (3): 0.4/1.6 MB | 393/459 kB | 121/272 kB
Progress (3): 0.4/1.6 MB | 393/459 kB | 121/272 kB
Progress (3): 0.4/1.6 MB | 409/459 kB | 121/272 kB
Progress (3): 0.4/1.6 MB | 409/459 kB | 121/272 kB
Progress (3): 0.4/1.6 MB | 425/459 kB | 121/272 kB
Progress (3): 0.4/1.6 MB | 425/459 kB | 121/272 kB
Progress (3): 0.4/1.6 MB | 425/459 kB | 121/272 kB
Progress (3): 0.4/1.6 MB | 425/459 kB | 130/272 kB
Progress (3): 0.4/1.6 MB | 425/459 kB | 147/272 kB
Progress (3): 0.4/1.6 MB | 442/459 kB | 147/272 kB
Progress (3): 0.5/1.6 MB | 442/459 kB | 147/272 kB
Progress (3): 0.5/1.6 MB | 442/459 kB | 163/272 kB
Progress (3): 0.5/1.6 MB | 458/459 kB | 163/272 kB
Progress (3): 0.5/1.6 MB | 458/459 kB | 163/272 kB
Progress (3): 0.5/1.6 MB | 459 kB | 163/272 kB    
Progress (3): 0.5/1.6 MB | 459 kB | 180/272 kB
Progress (3): 0.5/1.6 MB | 459 kB | 196/272 kB
Progress (3): 0.5/1.6 MB | 459 kB | 196/272 kB
                                              
Downloaded from central: https://repo.maven.apache.org/maven2/com/fasterxml/jackson/core/jackson-core/2.14.2/jackson-core-2.14.2.jar (459 kB at 4.2 MB/s)
Downloading from central: https://repo.maven.apache.org/maven2/org/apache/httpcomponents/core5/httpcore5-h2/5.2.4/httpcore5-h2-5.2.4.jar
Progress (2): 0.5/1.6 MB | 212/272 kB
Progress (2): 0.5/1.6 MB | 212/272 kB
Progress (2): 0.5/1.6 MB | 229/272 kB
Progress (2): 0.5/1.6 MB | 245/272 kB
Progress (2): 0.5/1.6 MB | 245/272 kB
Progress (2): 0.5/1.6 MB | 261/272 kB
Progress (2): 0.5/1.6 MB | 261/272 kB
Progress (2): 0.5/1.6 MB | 272 kB    
Progress (2): 0.6/1.6 MB | 272 kB
                                 
Downloaded from central: https://repo.maven.apache.org/maven2/org/springframework/boot/spring-boot-buildpack-platform/3.2.4/spring-boot-buildpack-platform-3.2.4.jar (272 kB at 2.3 MB/s)
Downloading from central: https://repo.maven.apache.org/maven2/org/springframework/boot/spring-boot-loader-tools/3.2.4/spring-boot-loader-tools-3.2.4.jar
Progress (1): 0.6/1.6 MB
Progress (1): 0.6/1.6 MB
Progress (2): 0.6/1.6 MB | 3.8/855 kB
Progress (2): 0.6/1.6 MB | 8.0/855 kB
Progress (2): 0.6/1.6 MB | 12/855 kB 
Progress (2): 0.6/1.6 MB | 12/855 kB
Progress (2): 0.6/1.6 MB | 17/855 kB
Progress (3): 0.6/1.6 MB | 17/855 kB | 7.7/843 kB
Progress (3): 0.6/1.6 MB | 21/855 kB | 7.7/843 kB
Progress (3): 0.6/1.6 MB | 21/855 kB | 12/843 kB 
Progress (3): 0.6/1.6 MB | 25/855 kB | 12/843 kB
Progress (3): 0.6/1.6 MB | 29/855 kB | 12/843 kB
Progress (3): 0.6/1.6 MB | 33/855 kB | 12/843 kB
Progress (3): 0.6/1.6 MB | 33/855 kB | 28/843 kB
Progress (3): 0.6/1.6 MB | 38/855 kB | 28/843 kB
Progress (3): 0.6/1.6 MB | 38/855 kB | 28/843 kB
Progress (3): 0.6/1.6 MB | 42/855 kB | 28/843 kB
Progress (3): 0.6/1.6 MB | 46/855 kB | 28/843 kB
Progress (3): 0.6/1.6 MB | 46/855 kB | 28/843 kB
Progress (3): 0.6/1.6 MB | 50/855 kB | 28/843 kB
Progress (3): 0.6/1.6 MB | 50/855 kB | 44/843 kB
Progress (3): 0.6/1.6 MB | 50/855 kB | 44/843 kB
Progress (3): 0.6/1.6 MB | 55/855 kB | 44/843 kB
Progress (3): 0.6/1.6 MB | 59/855 kB | 44/843 kB
Progress (3): 0.6/1.6 MB | 63/855 kB | 44/843 kB
Progress (3): 0.6/1.6 MB | 63/855 kB | 61/843 kB
Progress (3): 0.7/1.6 MB | 63/855 kB | 61/843 kB
Progress (3): 0.7/1.6 MB | 63/855 kB | 66/843 kB
Progress (3): 0.7/1.6 MB | 67/855 kB | 66/843 kB
Progress (3): 0.7/1.6 MB | 71/855 kB | 66/843 kB
Progress (3): 0.7/1.6 MB | 76/855 kB | 66/843 kB
Progress (3): 0.7/1.6 MB | 80/855 kB | 66/843 kB
Progress (3): 0.7/1.6 MB | 84/855 kB | 66/843 kB
Progress (3): 0.7/1.6 MB | 84/855 kB | 66/843 kB
Progress (3): 0.7/1.6 MB | 88/855 kB | 66/843 kB
Progress (3): 0.7/1.6 MB | 93/855 kB | 66/843 kB
Progress (3): 0.7/1.6 MB | 97/855 kB | 66/843 kB
Progress (3): 0.7/1.6 MB | 97/855 kB | 82/843 kB
Progress (3): 0.7/1.6 MB | 97/855 kB | 82/843 kB
Progress (3): 0.7/1.6 MB | 97/855 kB | 98/843 kB
Progress (3): 0.7/1.6 MB | 101/855 kB | 98/843 kB
Progress (3): 0.7/1.6 MB | 101/855 kB | 115/843 kB
Progress (3): 0.7/1.6 MB | 101/855 kB | 115/843 kB
Progress (3): 0.7/1.6 MB | 117/855 kB | 115/843 kB
Progress (3): 0.7/1.6 MB | 127/855 kB | 115/843 kB
Progress (3): 0.7/1.6 MB | 127/855 kB | 115/843 kB
Progress (3): 0.7/1.6 MB | 127/855 kB | 131/843 kB
Progress (3): 0.7/1.6 MB | 127/855 kB | 131/843 kB
Progress (3): 0.7/1.6 MB | 127/855 kB | 147/843 kB
Progress (3): 0.8/1.6 MB | 127/855 kB | 147/843 kB
Progress (3): 0.8/1.6 MB | 127/855 kB | 147/843 kB
Progress (3): 0.8/1.6 MB | 127/855 kB | 147/843 kB
Progress (3): 0.8/1.6 MB | 127/855 kB | 164/843 kB
Progress (3): 0.8/1.6 MB | 127/855 kB | 164/843 kB
Progress (3): 0.8/1.6 MB | 127/855 kB | 180/843 kB
Progress (3): 0.8/1.6 MB | 127/855 kB | 197/843 kB
Progress (3): 0.8/1.6 MB | 127/855 kB | 197/843 kB
Progress (3): 0.8/1.6 MB | 127/855 kB | 213/843 kB
Progress (3): 0.8/1.6 MB | 127/855 kB | 213/843 kB
Progress (3): 0.9/1.6 MB | 127/855 kB | 213/843 kB
Progress (3): 0.9/1.6 MB | 127/855 kB | 229/843 kB
Progress (3): 0.9/1.6 MB | 127/855 kB | 229/843 kB
Progress (3): 0.9/1.6 MB | 127/855 kB | 246/843 kB
Progress (3): 0.9/1.6 MB | 127/855 kB | 246/843 kB
Progress (3): 0.9/1.6 MB | 127/855 kB | 246/843 kB
Progress (3): 0.9/1.6 MB | 127/855 kB | 246/843 kB
Progress (3): 0.9/1.6 MB | 127/855 kB | 246/843 kB
Progress (3): 0.9/1.6 MB | 127/855 kB | 246/843 kB
Progress (3): 1.0/1.6 MB | 127/855 kB | 246/843 kB
Progress (3): 1.0/1.6 MB | 127/855 kB | 246/843 kB
Progress (3): 1.0/1.6 MB | 127/855 kB | 246/843 kB
Progress (3): 1.0/1.6 MB | 127/855 kB | 246/843 kB
Progress (4): 1.0/1.6 MB | 127/855 kB | 246/843 kB | 7.7/237 kB
Progress (4): 1.0/1.6 MB | 127/855 kB | 246/843 kB | 16/237 kB 
Progress (4): 1.0/1.6 MB | 127/855 kB | 246/843 kB | 32/237 kB
Progress (4): 1.0/1.6 MB | 127/855 kB | 246/843 kB | 49/237 kB
Progress (4): 1.0/1.6 MB | 127/855 kB | 246/843 kB | 65/237 kB
Progress (4): 1.0/1.6 MB | 127/855 kB | 246/843 kB | 81/237 kB
Progress (4): 1.0/1.6 MB | 127/855 kB | 246/843 kB | 98/237 kB
Progress (4): 1.0/1.6 MB | 127/855 kB | 246/843 kB | 114/237 kB
Progress (4): 1.0/1.6 MB | 127/855 kB | 246/843 kB | 131/237 kB
Progress (4): 1.0/1.6 MB | 127/855 kB | 246/843 kB | 131/237 kB
Progress (4): 1.0/1.6 MB | 127/855 kB | 262/843 kB | 131/237 kB
Progress (4): 1.0/1.6 MB | 143/855 kB | 262/843 kB | 131/237 kB
Progress (4): 1.0/1.6 MB | 160/855 kB | 262/843 kB | 131/237 kB
Progress (4): 1.0/1.6 MB | 160/855 kB | 262/843 kB | 131/237 kB
Progress (4): 1.0/1.6 MB | 160/855 kB | 279/843 kB | 131/237 kB
Progress (4): 1.0/1.6 MB | 160/855 kB | 295/843 kB | 131/237 kB
Progress (4): 1.1/1.6 MB | 160/855 kB | 295/843 kB | 131/237 kB
Progress (4): 1.1/1.6 MB | 160/855 kB | 295/843 kB | 131/237 kB
Progress (4): 1.1/1.6 MB | 176/855 kB | 295/843 kB | 131/237 kB
Progress (4): 1.1/1.6 MB | 176/855 kB | 295/843 kB | 131/237 kB
Progress (4): 1.1/1.6 MB | 193/855 kB | 295/843 kB | 131/237 kB
Progress (4): 1.1/1.6 MB | 193/855 kB | 311/843 kB | 131/237 kB
Progress (4): 1.1/1.6 MB | 193/855 kB | 311/843 kB | 131/237 kB
Progress (4): 1.1/1.6 MB | 193/855 kB | 328/843 kB | 131/237 kB
Progress (4): 1.1/1.6 MB | 209/855 kB | 328/843 kB | 131/237 kB
Progress (4): 1.1/1.6 MB | 225/855 kB | 328/843 kB | 131/237 kB
Progress (4): 1.1/1.6 MB | 242/855 kB | 328/843 kB | 131/237 kB
Progress (4): 1.1/1.6 MB | 258/855 kB | 328/843 kB | 131/237 kB
Progress (4): 1.1/1.6 MB | 274/855 kB | 328/843 kB | 131/237 kB
Progress (4): 1.1/1.6 MB | 291/855 kB | 328/843 kB | 131/237 kB
Progress (4): 1.1/1.6 MB | 307/855 kB | 328/843 kB | 131/237 kB
Progress (4): 1.1/1.6 MB | 324/855 kB | 328/843 kB | 131/237 kB
Progress (4): 1.1/1.6 MB | 340/855 kB | 328/843 kB | 131/237 kB
Progress (4): 1.1/1.6 MB | 340/855 kB | 328/843 kB | 131/237 kB
Progress (4): 1.1/1.6 MB | 356/855 kB | 328/843 kB | 131/237 kB
Progress (4): 1.1/1.6 MB | 356/855 kB | 344/843 kB | 131/237 kB
Progress (4): 1.1/1.6 MB | 356/855 kB | 360/843 kB | 131/237 kB
Progress (4): 1.1/1.6 MB | 356/855 kB | 377/843 kB | 131/237 kB
Progress (4): 1.1/1.6 MB | 373/855 kB | 377/843 kB | 131/237 kB
Progress (4): 1.1/1.6 MB | 373/855 kB | 377/843 kB | 131/237 kB
Progress (4): 1.1/1.6 MB | 389/855 kB | 377/843 kB | 131/237 kB
Progress (4): 1.1/1.6 MB | 389/855 kB | 393/843 kB | 131/237 kB
Progress (4): 1.2/1.6 MB | 389/855 kB | 393/843 kB | 131/237 kB
Progress (4): 1.2/1.6 MB | 389/855 kB | 410/843 kB | 131/237 kB
Progress (4): 1.2/1.6 MB | 389/855 kB | 410/843 kB | 131/237 kB
Progress (4): 1.2/1.6 MB | 389/855 kB | 410/843 kB | 131/237 kB
Progress (4): 1.2/1.6 MB | 389/855 kB | 410/843 kB | 131/237 kB
Progress (4): 1.2/1.6 MB | 389/855 kB | 410/843 kB | 131/237 kB
Progress (4): 1.2/1.6 MB | 389/855 kB | 426/843 kB | 131/237 kB
Progress (4): 1.2/1.6 MB | 389/855 kB | 442/843 kB | 131/237 kB
Progress (4): 1.2/1.6 MB | 389/855 kB | 442/843 kB | 131/237 kB
Progress (4): 1.2/1.6 MB | 389/855 kB | 459/843 kB | 131/237 kB
Progress (4): 1.3/1.6 MB | 389/855 kB | 459/843 kB | 131/237 kB
Progress (4): 1.3/1.6 MB | 389/855 kB | 459/843 kB | 131/237 kB
Progress (4): 1.3/1.6 MB | 389/855 kB | 459/843 kB | 131/237 kB
Progress (5): 1.3/1.6 MB | 389/855 kB | 459/843 kB | 131/237 kB | 7.7/434 kB
Progress (5): 1.3/1.6 MB | 389/855 kB | 459/843 kB | 131/237 kB | 16/434 kB 
Progress (5): 1.3/1.6 MB | 389/855 kB | 459/843 kB | 147/237 kB | 16/434 kB
Progress (5): 1.3/1.6 MB | 389/855 kB | 459/843 kB | 147/237 kB | 32/434 kB
Progress (5): 1.3/1.6 MB | 389/855 kB | 459/843 kB | 163/237 kB | 32/434 kB
Progress (5): 1.3/1.6 MB | 389/855 kB | 459/843 kB | 163/237 kB | 49/434 kB
Progress (5): 1.3/1.6 MB | 389/855 kB | 459/843 kB | 163/237 kB | 57/434 kB
Progress (5): 1.3/1.6 MB | 389/855 kB | 459/843 kB | 163/237 kB | 74/434 kB
Progress (5): 1.3/1.6 MB | 389/855 kB | 459/843 kB | 163/237 kB | 74/434 kB
Progress (5): 1.3/1.6 MB | 389/855 kB | 459/843 kB | 163/237 kB | 90/434 kB
Progress (5): 1.3/1.6 MB | 389/855 kB | 459/843 kB | 163/237 kB | 106/434 kB
Progress (5): 1.3/1.6 MB | 389/855 kB | 459/843 kB | 163/237 kB | 123/434 kB
Progress (5): 1.3/1.6 MB | 389/855 kB | 459/843 kB | 163/237 kB | 139/434 kB
Progress (5): 1.3/1.6 MB | 406/855 kB | 459/843 kB | 163/237 kB | 139/434 kB
Progress (5): 1.3/1.6 MB | 422/855 kB | 459/843 kB | 163/237 kB | 139/434 kB
Progress (5): 1.3/1.6 MB | 438/855 kB | 459/843 kB | 163/237 kB | 139/434 kB
Progress (5): 1.3/1.6 MB | 455/855 kB | 459/843 kB | 163/237 kB | 139/434 kB
Progress (5): 1.3/1.6 MB | 471/855 kB | 459/843 kB | 163/237 kB | 139/434 kB
Progress (5): 1.3/1.6 MB | 487/855 kB | 459/843 kB | 163/237 kB | 139/434 kB
Progress (5): 1.3/1.6 MB | 504/855 kB | 459/843 kB | 163/237 kB | 139/434 kB
Progress (5): 1.3/1.6 MB | 520/855 kB | 459/843 kB | 163/237 kB | 139/434 kB
Progress (5): 1.3/1.6 MB | 537/855 kB | 459/843 kB | 163/237 kB | 139/434 kB
Progress (5): 1.3/1.6 MB | 553/855 kB | 459/843 kB | 163/237 kB | 139/434 kB
Progress (5): 1.3/1.6 MB | 569/855 kB | 459/843 kB | 163/237 kB | 139/434 kB
Progress (5): 1.3/1.6 MB | 586/855 kB | 459/843 kB | 163/237 kB | 139/434 kB
Progress (5): 1.3/1.6 MB | 602/855 kB | 459/843 kB | 163/237 kB | 139/434 kB
Progress (5): 1.3/1.6 MB | 618/855 kB | 459/843 kB | 163/237 kB | 139/434 kB
Progress (5): 1.3/1.6 MB | 635/855 kB | 459/843 kB | 163/237 kB | 139/434 kB
Progress (5): 1.3/1.6 MB | 651/855 kB | 459/843 kB | 163/237 kB | 139/434 kB
Progress (5): 1.3/1.6 MB | 668/855 kB | 459/843 kB | 163/237 kB | 139/434 kB
Progress (5): 1.3/1.6 MB | 668/855 kB | 459/843 kB | 163/237 kB | 156/434 kB
Progress (5): 1.3/1.6 MB | 668/855 kB | 459/843 kB | 163/237 kB | 172/434 kB
Progress (5): 1.3/1.6 MB | 668/855 kB | 475/843 kB | 163/237 kB | 172/434 kB
Progress (5): 1.3/1.6 MB | 668/855 kB | 475/843 kB | 180/237 kB | 172/434 kB
Progress (5): 1.3/1.6 MB | 668/855 kB | 492/843 kB | 180/237 kB | 172/434 kB
Progress (5): 1.3/1.6 MB | 668/855 kB | 508/843 kB | 180/237 kB | 172/434 kB
Progress (5): 1.3/1.6 MB | 684/855 kB | 508/843 kB | 180/237 kB | 172/434 kB
Progress (5): 1.3/1.6 MB | 684/855 kB | 508/843 kB | 180/237 kB | 188/434 kB
Progress (5): 1.3/1.6 MB | 684/855 kB | 508/843 kB | 196/237 kB | 188/434 kB
Progress (5): 1.3/1.6 MB | 684/855 kB | 524/843 kB | 196/237 kB | 188/434 kB
Progress (5): 1.3/1.6 MB | 684/855 kB | 524/843 kB | 196/237 kB | 205/434 kB
Progress (5): 1.3/1.6 MB | 684/855 kB | 541/843 kB | 196/237 kB | 205/434 kB
Progress (5): 1.3/1.6 MB | 684/855 kB | 557/843 kB | 196/237 kB | 205/434 kB
Progress (5): 1.3/1.6 MB | 684/855 kB | 573/843 kB | 196/237 kB | 205/434 kB
Progress (5): 1.3/1.6 MB | 684/855 kB | 590/843 kB | 196/237 kB | 205/434 kB
Progress (5): 1.3/1.6 MB | 684/855 kB | 606/843 kB | 196/237 kB | 205/434 kB
Progress (5): 1.3/1.6 MB | 684/855 kB | 623/843 kB | 196/237 kB | 205/434 kB
Progress (5): 1.3/1.6 MB | 684/855 kB | 639/843 kB | 196/237 kB | 205/434 kB
Progress (5): 1.3/1.6 MB | 684/855 kB | 655/843 kB | 196/237 kB | 205/434 kB
Progress (5): 1.3/1.6 MB | 684/855 kB | 672/843 kB | 196/237 kB | 205/434 kB
Progress (5): 1.3/1.6 MB | 684/855 kB | 688/843 kB | 196/237 kB | 205/434 kB
Progress (5): 1.3/1.6 MB | 684/855 kB | 705/843 kB | 196/237 kB | 205/434 kB
Progress (5): 1.3/1.6 MB | 684/855 kB | 721/843 kB | 196/237 kB | 205/434 kB
Progress (5): 1.3/1.6 MB | 684/855 kB | 737/843 kB | 196/237 kB | 205/434 kB
Progress (5): 1.3/1.6 MB | 684/855 kB | 754/843 kB | 196/237 kB | 205/434 kB
Progress (5): 1.3/1.6 MB | 684/855 kB | 770/843 kB | 196/237 kB | 205/434 kB
Progress (5): 1.3/1.6 MB | 684/855 kB | 786/843 kB | 196/237 kB | 205/434 kB
Progress (5): 1.3/1.6 MB | 684/855 kB | 803/843 kB | 196/237 kB | 205/434 kB
Progress (5): 1.3/1.6 MB | 684/855 kB | 819/843 kB | 196/237 kB | 205/434 kB
Progress (5): 1.3/1.6 MB | 684/855 kB | 836/843 kB | 196/237 kB | 205/434 kB
Progress (5): 1.3/1.6 MB | 684/855 kB | 843 kB | 196/237 kB | 205/434 kB    
Progress (5): 1.3/1.6 MB | 684/855 kB | 843 kB | 196/237 kB | 205/434 kB
Progress (5): 1.3/1.6 MB | 684/855 kB | 843 kB | 196/237 kB | 221/434 kB
                                                                        
Downloaded from central: https://repo.maven.apache.org/maven2/org/apache/httpcomponents/client5/httpclient5/5.2.3/httpclient5-5.2.3.jar (843 kB at 1.6 MB/s)
Progress (4): 1.3/1.6 MB | 684/855 kB | 213/237 kB | 221/434 kB
Progress (4): 1.3/1.6 MB | 684/855 kB | 229/237 kB | 221/434 kB
Progress (4): 1.3/1.6 MB | 684/855 kB | 237 kB | 221/434 kB    
                                                           
Downloaded from central: https://repo.maven.apache.org/maven2/org/apache/httpcomponents/core5/httpcore5-h2/5.2.4/httpcore5-h2-5.2.4.jar (237 kB at 386 kB/s)
Progress (3): 1.3/1.6 MB | 700/855 kB | 221/434 kB
Progress (3): 1.3/1.6 MB | 700/855 kB | 221/434 kB
Progress (3): 1.3/1.6 MB | 717/855 kB | 221/434 kB
Progress (3): 1.3/1.6 MB | 717/855 kB | 238/434 kB
Progress (3): 1.3/1.6 MB | 717/855 kB | 254/434 kB
Progress (3): 1.3/1.6 MB | 717/855 kB | 270/434 kB
Progress (3): 1.3/1.6 MB | 717/855 kB | 287/434 kB
Progress (3): 1.3/1.6 MB | 733/855 kB | 287/434 kB
Progress (3): 1.3/1.6 MB | 750/855 kB | 287/434 kB
Progress (3): 1.3/1.6 MB | 750/855 kB | 303/434 kB
Progress (3): 1.3/1.6 MB | 750/855 kB | 319/434 kB
Progress (3): 1.3/1.6 MB | 766/855 kB | 319/434 kB
Progress (3): 1.3/1.6 MB | 766/855 kB | 336/434 kB
Progress (3): 1.3/1.6 MB | 782/855 kB | 336/434 kB
Progress (3): 1.3/1.6 MB | 782/855 kB | 352/434 kB
Progress (3): 1.3/1.6 MB | 799/855 kB | 352/434 kB
Progress (3): 1.3/1.6 MB | 799/855 kB | 369/434 kB
Progress (3): 1.3/1.6 MB | 815/855 kB | 369/434 kB
Progress (3): 1.3/1.6 MB | 831/855 kB | 369/434 kB
Progress (3): 1.3/1.6 MB | 831/855 kB | 385/434 kB
Progress (3): 1.3/1.6 MB | 848/855 kB | 385/434 kB
Progress (3): 1.3/1.6 MB | 848/855 kB | 401/434 kB
Progress (3): 1.3/1.6 MB | 848/855 kB | 418/434 kB
Progress (3): 1.3/1.6 MB | 855 kB | 418/434 kB    
Progress (3): 1.4/1.6 MB | 855 kB | 418/434 kB
Progress (3): 1.4/1.6 MB | 855 kB | 434 kB    
Progress (3): 1.4/1.6 MB | 855 kB | 434 kB
Progress (3): 1.4/1.6 MB | 855 kB | 434 kB
Progress (3): 1.4/1.6 MB | 855 kB | 434 kB
Progress (3): 1.4/1.6 MB | 855 kB | 434 kB
Progress (3): 1.4/1.6 MB | 855 kB | 434 kB
Progress (3): 1.5/1.6 MB | 855 kB | 434 kB
Progress (3): 1.5/1.6 MB | 855 kB | 434 kB
Progress (3): 1.5/1.6 MB | 855 kB | 434 kB
Progress (3): 1.5/1.6 MB | 855 kB | 434 kB
Progress (3): 1.5/1.6 MB | 855 kB | 434 kB
Progress (3): 1.5/1.6 MB | 855 kB | 434 kB
Progress (3): 1.6/1.6 MB | 855 kB | 434 kB
Progress (3): 1.6/1.6 MB | 855 kB | 434 kB
Progress (3): 1.6/1.6 MB | 855 kB | 434 kB
Progress (3): 1.6/1.6 MB | 855 kB | 434 kB
Progress (3): 1.6 MB | 855 kB | 434 kB    
                                      
Downloaded from central: https://repo.maven.apache.org/maven2/org/springframework/boot/spring-boot-loader-tools/3.2.4/spring-boot-loader-tools-3.2.4.jar (434 kB at 637 kB/s)
Downloaded from central: https://repo.maven.apache.org/maven2/org/apache/httpcomponents/core5/httpcore5/5.2.4/httpcore5-5.2.4.jar (855 kB at 1.3 MB/s)
Downloaded from central: https://repo.maven.apache.org/maven2/com/fasterxml/jackson/core/jackson-databind/2.14.2/jackson-databind-2.14.2.jar (1.6 MB at 2.4 MB/s)
[INFO] Replacing main artifact C:\Users\CHAITANYA\Desktop\Chaitzzz\backend\target\backend-0.0.1-SNAPSHOT.jar with repackaged archive, adding nested dependencies in BOOT-INF/.
[INFO] The original artifact has been renamed to C:\Users\CHAITANYA\Desktop\Chaitzzz\backend\target\backend-0.0.1-SNAPSHOT.jar.original
[INFO] ------------------------------------------------------------------------
[INFO] BUILD SUCCESS
[INFO] ------------------------------------------------------------------------
[INFO] Total time:  12.071 s
[INFO] Finished at: 2026-02-17T11:59:09+05:30
[INFO] ------------------------------------------------------------------------
