[INFO] Scanning for projects...
Downloading from central: https://repo.maven.apache.org/maven2/org/springframework/boot/maven-metadata.xml
Downloading from central: https://repo.maven.apache.org/maven2/io/github/git-commit-id/maven-metadata.xml
Downloading from central: https://repo.maven.apache.org/maven2/org/flywaydb/maven-metadata.xml
Downloading from central: https://repo.maven.apache.org/maven2/org/jooq/maven-metadata.xml
Progress (1): 234 B
Progress (2): 234 B | 255 B
Progress (3): 234 B | 255 B | 249 B
Progress (4): 234 B | 255 B | 249 B | 398 B
                                           
Downloaded from central: https://repo.maven.apache.org/maven2/org/springframework/boot/maven-metadata.xml (249 B at 481 B/s)
Downloaded from central: https://repo.maven.apache.org/maven2/org/jooq/maven-metadata.xml (398 B at 768 B/s)
Downloaded from central: https://repo.maven.apache.org/maven2/org/flywaydb/maven-metadata.xml (234 B at 451 B/s)
Downloaded from central: https://repo.maven.apache.org/maven2/io/github/git-commit-id/maven-metadata.xml (255 B at 492 B/s)
Downloading from central: https://repo.maven.apache.org/maven2/org/liquibase/maven-metadata.xml
Downloading from central: https://repo.maven.apache.org/maven2/org/jetbrains/kotlin/maven-metadata.xml
Downloading from central: https://repo.maven.apache.org/maven2/org/graalvm/buildtools/maven-metadata.xml
Downloading from central: https://repo.maven.apache.org/maven2/org/apache/maven/plugins/maven-metadata.xml
Progress (1): 4.6 kB
Progress (1): 10 kB 
Progress (1): 14 kB
Progress (2): 14 kB | 242 B
Progress (3): 14 kB | 242 B | 375 B
                                   
Downloaded from central: https://repo.maven.apache.org/maven2/org/graalvm/buildtools/maven-metadata.xml (242 B at 2.7 kB/s)
Downloading from central: https://repo.maven.apache.org/maven2/org/codehaus/mojo/maven-metadata.xml
Downloaded from central: https://repo.maven.apache.org/maven2/org/jetbrains/kotlin/maven-metadata.xml (375 B at 4.2 kB/s)
Downloaded from central: https://repo.maven.apache.org/maven2/org/apache/maven/plugins/maven-metadata.xml (14 kB at 159 kB/s)
Progress (1): 243 B
                   
Downloaded from central: https://repo.maven.apache.org/maven2/org/liquibase/maven-metadata.xml (243 B at 2.5 kB/s)
Progress (1): 3.1 kB
Progress (1): 8.0 kB
Progress (1): 8.0 kB
Progress (1): 13 kB 
Progress (1): 17 kB
Progress (1): 20 kB
Progress (1): 21 kB
                   
Downloaded from central: https://repo.maven.apache.org/maven2/org/codehaus/mojo/maven-metadata.xml (21 kB at 122 kB/s)
Downloading from central: https://repo.maven.apache.org/maven2/org/apache/maven/plugins/maven-dependency-plugin/3.6.1/maven-dependency-plugin-3.6.1.pom
Progress (1): 740 B
Progress (1): 1.9 kB
Progress (1): 3.6 kB
Progress (1): 8.1 kB
Progress (1): 11 kB 
Progress (1): 14 kB
Progress (1): 17 kB
Progress (1): 18 kB
                   
Downloaded from central: https://repo.maven.apache.org/maven2/org/apache/maven/plugins/maven-dependency-plugin/3.6.1/maven-dependency-plugin-3.6.1.pom (18 kB at 222 kB/s)
Downloading from central: https://repo.maven.apache.org/maven2/org/apache/maven/plugins/maven-dependency-plugin/3.6.1/maven-dependency-plugin-3.6.1.jar
Progress (1): 0.9/191 kB
Progress (1): 2.3/191 kB
Progress (1): 3.7/191 kB
Progress (1): 5.0/191 kB
Progress (1): 6.4/191 kB
Progress (1): 7.8/191 kB
Progress (1): 9.1/191 kB
Progress (1): 11/191 kB 
Progress (1): 12/191 kB
Progress (1): 13/191 kB
Progress (1): 15/191 kB
Progress (1): 16/191 kB
Progress (1): 17/191 kB
Progress (1): 18/191 kB
Progress (1): 20/191 kB
Progress (1): 21/191 kB
Progress (1): 22/191 kB
Progress (1): 24/191 kB
Progress (1): 25/191 kB
Progress (1): 27/191 kB
Progress (1): 28/191 kB
Progress (1): 29/191 kB
Progress (1): 31/191 kB
Progress (1): 32/191 kB
Progress (1): 33/191 kB
Progress (1): 35/191 kB
Progress (1): 36/191 kB
Progress (1): 38/191 kB
Progress (1): 39/191 kB
Progress (1): 43/191 kB
Progress (1): 47/191 kB
Progress (1): 52/191 kB
Progress (1): 56/191 kB
Progress (1): 60/191 kB
Progress (1): 64/191 kB
Progress (1): 66/191 kB
Progress (1): 70/191 kB
Progress (1): 74/191 kB
Progress (1): 78/191 kB
Progress (1): 82/191 kB
Progress (1): 87/191 kB
Progress (1): 91/191 kB
Progress (1): 95/191 kB
Progress (1): 99/191 kB
Progress (1): 104/191 kB
Progress (1): 108/191 kB
Progress (1): 112/191 kB
Progress (1): 115/191 kB
Progress (1): 119/191 kB
Progress (1): 123/191 kB
Progress (1): 127/191 kB
Progress (1): 132/191 kB
Progress (1): 136/191 kB
Progress (1): 140/191 kB
Progress (1): 144/191 kB
Progress (1): 149/191 kB
Progress (1): 153/191 kB
Progress (1): 157/191 kB
Progress (1): 161/191 kB
Progress (1): 165/191 kB
Progress (1): 170/191 kB
Progress (1): 174/191 kB
Progress (1): 178/191 kB
Progress (1): 180/191 kB
Progress (1): 184/191 kB
Progress (1): 189/191 kB
Progress (1): 191 kB    
                    
Downloaded from central: https://repo.maven.apache.org/maven2/org/apache/maven/plugins/maven-dependency-plugin/3.6.1/maven-dependency-plugin-3.6.1.jar (191 kB at 1.1 MB/s)
Downloading from central: https://repo.maven.apache.org/maven2/org/apache/maven/plugins/maven-deploy-plugin/3.1.1/maven-deploy-plugin-3.1.1.pom
Progress (1): 767 B
Progress (1): 2.2 kB
Progress (1): 4.6 kB
Progress (1): 8.1 kB
Progress (1): 8.9 kB
                    
Downloaded from central: https://repo.maven.apache.org/maven2/org/apache/maven/plugins/maven-deploy-plugin/3.1.1/maven-deploy-plugin-3.1.1.pom (8.9 kB at 108 kB/s)
Downloading from central: https://repo.maven.apache.org/maven2/org/apache/maven/plugins/maven-deploy-plugin/3.1.1/maven-deploy-plugin-3.1.1.jar
Progress (1): 3.8/39 kB
Progress (1): 16/39 kB 
Progress (1): 32/39 kB
Progress (1): 39 kB   
                   
Downloaded from central: https://repo.maven.apache.org/maven2/org/apache/maven/plugins/maven-deploy-plugin/3.1.1/maven-deploy-plugin-3.1.1.jar (39 kB at 392 kB/s)
Downloading from central: https://repo.maven.apache.org/maven2/org/codehaus/mojo/build-helper-maven-plugin/3.4.0/build-helper-maven-plugin-3.4.0.pom
Progress (1): 1.0 kB
Progress (1): 3.0 kB
Progress (1): 5.9 kB
Progress (1): 7.6 kB
                    
Downloaded from central: https://repo.maven.apache.org/maven2/org/codehaus/mojo/build-helper-maven-plugin/3.4.0/build-helper-maven-plugin-3.4.0.pom (7.6 kB at 106 kB/s)
Downloading from central: https://repo.maven.apache.org/maven2/org/codehaus/mojo/mojo-parent/74/mojo-parent-74.pom
Progress (1): 714 B
Progress (1): 2.5 kB
Progress (1): 6.2 kB
Progress (1): 8.0 kB
Progress (1): 11 kB 
Progress (1): 13 kB
Progress (1): 19 kB
Progress (1): 24 kB
Progress (1): 26 kB
Progress (1): 29 kB
Progress (1): 32 kB
Progress (1): 36 kB
                   
Downloaded from central: https://repo.maven.apache.org/maven2/org/codehaus/mojo/mojo-parent/74/mojo-parent-74.pom (36 kB at 343 kB/s)
Downloading from central: https://repo.maven.apache.org/maven2/org/codehaus/mojo/build-helper-maven-plugin/3.4.0/build-helper-maven-plugin-3.4.0.jar
Progress (1): 7.7/70 kB
Progress (1): 16/70 kB 
Progress (1): 32/70 kB
Progress (1): 49/70 kB
Progress (1): 65/70 kB
Progress (1): 70 kB   
                   
Downloaded from central: https://repo.maven.apache.org/maven2/org/codehaus/mojo/build-helper-maven-plugin/3.4.0/build-helper-maven-plugin-3.4.0.jar (70 kB at 765 kB/s)
Downloading from central: https://repo.maven.apache.org/maven2/org/flywaydb/flyway-maven-plugin/9.22.3/flyway-maven-plugin-9.22.3.pom
Progress (1): 856 B
Progress (1): 3.7 kB
Progress (1): 4.4 kB
                    
Downloaded from central: https://repo.maven.apache.org/maven2/org/flywaydb/flyway-maven-plugin/9.22.3/flyway-maven-plugin-9.22.3.pom (4.4 kB at 47 kB/s)
Downloading from central: https://repo.maven.apache.org/maven2/org/flywaydb/flyway-parent/9.22.3/flyway-parent-9.22.3.pom
Progress (1): 724 B
Progress (1): 2.1 kB
Progress (1): 4.5 kB
Progress (1): 6.5 kB
Progress (1): 14 kB 
Progress (1): 22 kB
Progress (1): 26 kB
Progress (1): 30 kB
Progress (1): 35 kB
                   
Downloaded from central: https://repo.maven.apache.org/maven2/org/flywaydb/flyway-parent/9.22.3/flyway-parent-9.22.3.pom (35 kB at 359 kB/s)
Downloading from central: https://repo.maven.apache.org/maven2/org/flywaydb/flyway-maven-plugin/9.22.3/flyway-maven-plugin-9.22.3.jar
Progress (1): 7.7/112 kB
Progress (1): 12/112 kB 
Progress (1): 28/112 kB
Progress (1): 44/112 kB
Progress (1): 61/112 kB
Progress (1): 77/112 kB
Progress (1): 94/112 kB
Progress (1): 110/112 kB
Progress (1): 112 kB    
                    
Downloaded from central: https://repo.maven.apache.org/maven2/org/flywaydb/flyway-maven-plugin/9.22.3/flyway-maven-plugin-9.22.3.jar (112 kB at 1.3 MB/s)
Downloading from central: https://repo.maven.apache.org/maven2/io/github/git-commit-id/git-commit-id-maven-plugin/6.0.0/git-commit-id-maven-plugin-6.0.0.pom
Progress (1): 966 B
Progress (1): 2.8 kB
Progress (1): 6.8 kB
Progress (1): 11 kB 
Progress (1): 15 kB
Progress (1): 17 kB
Progress (1): 20 kB
Progress (1): 24 kB
Progress (1): 25 kB
                   
Downloaded from central: https://repo.maven.apache.org/maven2/io/github/git-commit-id/git-commit-id-maven-plugin/6.0.0/git-commit-id-maven-plugin-6.0.0.pom (25 kB at 250 kB/s)
Downloading from central: https://repo.maven.apache.org/maven2/io/github/git-commit-id/git-commit-id-maven-plugin/6.0.0/git-commit-id-maven-plugin-6.0.0.jar
Progress (1): 7.7/56 kB
Progress (1): 16/56 kB 
Progress (1): 32/56 kB
Progress (1): 49/56 kB
Progress (1): 56 kB   
                   
Downloaded from central: https://repo.maven.apache.org/maven2/io/github/git-commit-id/git-commit-id-maven-plugin/6.0.0/git-commit-id-maven-plugin-6.0.0.jar (56 kB at 492 kB/s)
Downloading from central: https://repo.maven.apache.org/maven2/org/jooq/jooq-codegen-maven/3.18.13/jooq-codegen-maven-3.18.13.pom
Progress (1): 1.2 kB
Progress (1): 3.7 kB
Progress (1): 4.5 kB
                    
Downloaded from central: https://repo.maven.apache.org/maven2/org/jooq/jooq-codegen-maven/3.18.13/jooq-codegen-maven-3.18.13.pom (4.5 kB at 62 kB/s)
Downloading from central: https://repo.maven.apache.org/maven2/org/jooq/jooq-parent/3.18.13/jooq-parent-3.18.13.pom
Progress (1): 908 B
Progress (1): 2.3 kB
Progress (1): 4.1 kB
Progress (1): 11 kB 
Progress (1): 16 kB
Progress (1): 22 kB
Progress (1): 24 kB
Progress (1): 29 kB
Progress (1): 33 kB
Progress (1): 38 kB
                   
Downloaded from central: https://repo.maven.apache.org/maven2/org/jooq/jooq-parent/3.18.13/jooq-parent-3.18.13.pom (38 kB at 350 kB/s)
Downloading from central: https://repo.maven.apache.org/maven2/org/jooq/jooq-codegen-maven/3.18.13/jooq-codegen-maven-3.18.13.jar
Progress (1): 7.7/18 kB
Progress (1): 16/18 kB 
Progress (1): 18 kB   
                   
Downloaded from central: https://repo.maven.apache.org/maven2/org/jooq/jooq-codegen-maven/3.18.13/jooq-codegen-maven-3.18.13.jar (18 kB at 208 kB/s)
Downloading from central: https://repo.maven.apache.org/maven2/org/jetbrains/kotlin/kotlin-maven-plugin/1.9.23/kotlin-maven-plugin-1.9.23.pom
Progress (1): 2.0 kB
Progress (1): 4.9 kB
Progress (1): 6.7 kB
                    
Downloaded from central: https://repo.maven.apache.org/maven2/org/jetbrains/kotlin/kotlin-maven-plugin/1.9.23/kotlin-maven-plugin-1.9.23.pom (6.7 kB at 69 kB/s)
Downloading from central: https://repo.maven.apache.org/maven2/org/jetbrains/kotlin/kotlin-project/1.9.23/kotlin-project-1.9.23.pom
Progress (1): 963 B
Progress (1): 2.9 kB
Progress (1): 6.4 kB
Progress (1): 11 kB 
Progress (1): 16 kB
                   
Downloaded from central: https://repo.maven.apache.org/maven2/org/jetbrains/kotlin/kotlin-project/1.9.23/kotlin-project-1.9.23.pom (16 kB at 145 kB/s)
Downloading from central: https://repo.maven.apache.org/maven2/org/jetbrains/kotlin/kotlin-maven-plugin/1.9.23/kotlin-maven-plugin-1.9.23.jar
Progress (1): 7.7/82 kB
Progress (1): 12/82 kB 
Progress (1): 29/82 kB
Progress (1): 45/82 kB
Progress (1): 61/82 kB
Progress (1): 78/82 kB
Progress (1): 82 kB   
                   
Downloaded from central: https://repo.maven.apache.org/maven2/org/jetbrains/kotlin/kotlin-maven-plugin/1.9.23/kotlin-maven-plugin-1.9.23.jar (82 kB at 755 kB/s)
Downloading from central: https://repo.maven.apache.org/maven2/org/liquibase/liquibase-maven-plugin/4.24.0/liquibase-maven-plugin-4.24.0.pom
Progress (1): 1.3 kB
Progress (1): 2.0 kB
                    
Downloaded from central: https://repo.maven.apache.org/maven2/org/liquibase/liquibase-maven-plugin/4.24.0/liquibase-maven-plugin-4.24.0.pom (2.0 kB at 26 kB/s)
Downloading from central: https://repo.maven.apache.org/maven2/org/liquibase/liquibase-maven-plugin/4.24.0/liquibase-maven-plugin-4.24.0.jar
Progress (1): 7.7/161 kB
Progress (1): 12/161 kB 
Progress (1): 28/161 kB
Progress (1): 44/161 kB
Progress (1): 61/161 kB
Progress (1): 77/161 kB
Progress (1): 94/161 kB
Progress (1): 110/161 kB
Progress (1): 126/161 kB
Progress (1): 143/161 kB
Progress (1): 159/161 kB
Progress (1): 161 kB    
                    
Downloaded from central: https://repo.maven.apache.org/maven2/org/liquibase/liquibase-maven-plugin/4.24.0/liquibase-maven-plugin-4.24.0.jar (161 kB at 1.1 MB/s)
Downloading from central: https://repo.maven.apache.org/maven2/org/apache/maven/plugins/maven-assembly-plugin/3.6.0/maven-assembly-plugin-3.6.0.pom
Progress (1): 748 B
Progress (1): 2.1 kB
Progress (1): 4.9 kB
Progress (1): 8.3 kB
Progress (1): 10 kB 
Progress (1): 14 kB
Progress (1): 15 kB
                   
Downloaded from central: https://repo.maven.apache.org/maven2/org/apache/maven/plugins/maven-assembly-plugin/3.6.0/maven-assembly-plugin-3.6.0.pom (15 kB at 235 kB/s)
Downloading from central: https://repo.maven.apache.org/maven2/org/apache/maven/plugins/maven-assembly-plugin/3.6.0/maven-assembly-plugin-3.6.0.jar
Progress (1): 7.7/236 kB
Progress (1): 16/236 kB 
Progress (1): 32/236 kB
Progress (1): 49/236 kB
Progress (1): 65/236 kB
Progress (1): 81/236 kB
Progress (1): 98/236 kB
Progress (1): 114/236 kB
Progress (1): 131/236 kB
Progress (1): 147/236 kB
Progress (1): 163/236 kB
Progress (1): 180/236 kB
Progress (1): 196/236 kB
Progress (1): 213/236 kB
Progress (1): 229/236 kB
Progress (1): 236 kB    
                    
Downloaded from central: https://repo.maven.apache.org/maven2/org/apache/maven/plugins/maven-assembly-plugin/3.6.0/maven-assembly-plugin-3.6.0.jar (236 kB at 2.4 MB/s)
Downloading from central: https://repo.maven.apache.org/maven2/org/apache/maven/plugins/maven-enforcer-plugin/3.4.1/maven-enforcer-plugin-3.4.1.pom
Progress (1): 810 B
Progress (1): 3.4 kB
Progress (1): 5.2 kB
Progress (1): 7.7 kB
                    
Downloaded from central: https://repo.maven.apache.org/maven2/org/apache/maven/plugins/maven-enforcer-plugin/3.4.1/maven-enforcer-plugin-3.4.1.pom (7.7 kB at 96 kB/s)
Downloading from central: https://repo.maven.apache.org/maven2/org/apache/maven/enforcer/enforcer/3.4.1/enforcer-3.4.1.pom
Progress (1): 806 B
Progress (1): 2.3 kB
Progress (1): 4.3 kB
Progress (1): 8.7 kB
Progress (1): 9.1 kB
                    
Downloaded from central: https://repo.maven.apache.org/maven2/org/apache/maven/enforcer/enforcer/3.4.1/enforcer-3.4.1.pom (9.1 kB at 100 kB/s)
Downloading from central: https://repo.maven.apache.org/maven2/org/apache/maven/plugins/maven-enforcer-plugin/3.4.1/maven-enforcer-plugin-3.4.1.jar
Progress (1): 7.7/39 kB
Progress (1): 16/39 kB 
Progress (1): 32/39 kB
Progress (1): 39 kB   
                   
Downloaded from central: https://repo.maven.apache.org/maven2/org/apache/maven/plugins/maven-enforcer-plugin/3.4.1/maven-enforcer-plugin-3.4.1.jar (39 kB at 429 kB/s)
Downloading from central: https://repo.maven.apache.org/maven2/org/apache/maven/plugins/maven-failsafe-plugin/3.1.2/maven-failsafe-plugin-3.1.2.pom
Progress (1): 813 B
Progress (1): 2.9 kB
Progress (1): 5.7 kB
Progress (1): 9.2 kB
Progress (1): 10 kB 
                   
Downloaded from central: https://repo.maven.apache.org/maven2/org/apache/maven/plugins/maven-failsafe-plugin/3.1.2/maven-failsafe-plugin-3.1.2.pom (10 kB at 177 kB/s)
Downloading from central: https://repo.maven.apache.org/maven2/org/apache/maven/plugins/maven-failsafe-plugin/3.1.2/maven-failsafe-plugin-3.1.2.jar
Progress (1): 7.7/54 kB
Progress (1): 16/54 kB 
Progress (1): 32/54 kB
Progress (1): 48/54 kB
Progress (1): 54 kB   
                   
Downloaded from central: https://repo.maven.apache.org/maven2/org/apache/maven/plugins/maven-failsafe-plugin/3.1.2/maven-failsafe-plugin-3.1.2.jar (54 kB at 494 kB/s)
Downloading from central: https://repo.maven.apache.org/maven2/org/apache/maven/plugins/maven-help-plugin/3.4.0/maven-help-plugin-3.4.0.pom
Progress (1): 776 B
Progress (1): 2.1 kB
Progress (1): 5.0 kB
Progress (1): 8.7 kB
Progress (1): 9.7 kB
                    
Downloaded from central: https://repo.maven.apache.org/maven2/org/apache/maven/plugins/maven-help-plugin/3.4.0/maven-help-plugin-3.4.0.pom (9.7 kB at 111 kB/s)
Downloading from central: https://repo.maven.apache.org/maven2/org/apache/maven/plugins/maven-help-plugin/3.4.0/maven-help-plugin-3.4.0.jar
Progress (1): 7.7/64 kB
Progress (1): 16/64 kB 
Progress (1): 32/64 kB
Progress (1): 48/64 kB
Progress (1): 64 kB   
                   
Downloaded from central: https://repo.maven.apache.org/maven2/org/apache/maven/plugins/maven-help-plugin/3.4.0/maven-help-plugin-3.4.0.jar (64 kB at 662 kB/s)
Downloading from central: https://repo.maven.apache.org/maven2/org/apache/maven/plugins/maven-invoker-plugin/3.6.0/maven-invoker-plugin-3.6.0.pom
Progress (1): 748 B
Progress (1): 2.1 kB
Progress (1): 4.4 kB
Progress (1): 9.7 kB
Progress (1): 12 kB 
Progress (1): 15 kB
Progress (1): 16 kB
                   
Downloaded from central: https://repo.maven.apache.org/maven2/org/apache/maven/plugins/maven-invoker-plugin/3.6.0/maven-invoker-plugin-3.6.0.pom (16 kB at 165 kB/s)
Downloading from central: https://repo.maven.apache.org/maven2/org/apache/groovy/groovy-bom/4.0.12/groovy-bom-4.0.12.pom
Progress (1): 863 B
Progress (1): 3.6 kB
Progress (1): 7.0 kB
Progress (1): 11 kB 
Progress (1): 14 kB
Progress (1): 18 kB
Progress (1): 22 kB
Progress (1): 27 kB
                   
Downloaded from central: https://repo.maven.apache.org/maven2/org/apache/groovy/groovy-bom/4.0.12/groovy-bom-4.0.12.pom (27 kB at 287 kB/s)
Downloading from central: https://repo.maven.apache.org/maven2/org/apache/maven/plugins/maven-invoker-plugin/3.6.0/maven-invoker-plugin-3.6.0.jar
Progress (1): 7.7/135 kB
Progress (1): 12/135 kB 
Progress (1): 29/135 kB
Progress (1): 45/135 kB
Progress (1): 61/135 kB
Progress (1): 78/135 kB
Progress (1): 94/135 kB
Progress (1): 111/135 kB
Progress (1): 127/135 kB
Progress (1): 135 kB    
                    
Downloaded from central: https://repo.maven.apache.org/maven2/org/apache/maven/plugins/maven-invoker-plugin/3.6.0/maven-invoker-plugin-3.6.0.jar (135 kB at 1.2 MB/s)
Downloading from central: https://repo.maven.apache.org/maven2/org/apache/maven/plugins/maven-javadoc-plugin/3.6.3/maven-javadoc-plugin-3.6.3.pom
Progress (1): 735 B
Progress (1): 2.5 kB
Progress (1): 4.2 kB
Progress (1): 8.2 kB
Progress (1): 13 kB 
Progress (1): 16 kB
Progress (1): 18 kB
Progress (1): 22 kB
                   
Downloaded from central: https://repo.maven.apache.org/maven2/org/apache/maven/plugins/maven-javadoc-plugin/3.6.3/maven-javadoc-plugin-3.6.3.pom (22 kB at 272 kB/s)
Downloading from central: https://repo.maven.apache.org/maven2/org/apache/maven/plugins/maven-javadoc-plugin/3.6.3/maven-javadoc-plugin-3.6.3.jar
Progress (1): 7.7/510 kB
Progress (1): 16/510 kB 
Progress (1): 25/510 kB
Progress (1): 41/510 kB
Progress (1): 57/510 kB
Progress (1): 74/510 kB
Progress (1): 90/510 kB
Progress (1): 106/510 kB
Progress (1): 123/510 kB
Progress (1): 139/510 kB
Progress (1): 156/510 kB
Progress (1): 172/510 kB
Progress (1): 188/510 kB
Progress (1): 205/510 kB
Progress (1): 221/510 kB
Progress (1): 238/510 kB
Progress (1): 254/510 kB
Progress (1): 262/510 kB
Progress (1): 279/510 kB
Progress (1): 295/510 kB
Progress (1): 311/510 kB
Progress (1): 328/510 kB
Progress (1): 344/510 kB
Progress (1): 360/510 kB
Progress (1): 377/510 kB
Progress (1): 393/510 kB
Progress (1): 410/510 kB
Progress (1): 426/510 kB
Progress (1): 442/510 kB
Progress (1): 459/510 kB
Progress (1): 475/510 kB
Progress (1): 492/510 kB
Progress (1): 508/510 kB
Progress (1): 510 kB    
                    
Downloaded from central: https://repo.maven.apache.org/maven2/org/apache/maven/plugins/maven-javadoc-plugin/3.6.3/maven-javadoc-plugin-3.6.3.jar (510 kB at 2.4 MB/s)
Downloading from central: https://repo.maven.apache.org/maven2/org/apache/maven/plugins/maven-shade-plugin/3.5.2/maven-shade-plugin-3.5.2.pom
Progress (1): 764 B
Progress (1): 2.3 kB
Progress (1): 4.8 kB
Progress (1): 8.6 kB
Progress (1): 12 kB 
Progress (1): 14 kB
                   
Downloaded from central: https://repo.maven.apache.org/maven2/org/apache/maven/plugins/maven-shade-plugin/3.5.2/maven-shade-plugin-3.5.2.pom (14 kB at 152 kB/s)
Downloading from central: https://repo.maven.apache.org/maven2/org/apache/maven/plugins/maven-shade-plugin/3.5.2/maven-shade-plugin-3.5.2.jar
Progress (1): 7.7/146 kB
Progress (1): 16/146 kB 
Progress (1): 32/146 kB
Progress (1): 49/146 kB
Progress (1): 65/146 kB
Progress (1): 81/146 kB
Progress (1): 98/146 kB
Progress (1): 114/146 kB
Progress (1): 131/146 kB
Progress (1): 146 kB    
                    
Downloaded from central: https://repo.maven.apache.org/maven2/org/apache/maven/plugins/maven-shade-plugin/3.5.2/maven-shade-plugin-3.5.2.jar (146 kB at 885 kB/s)
Downloading from central: https://repo.maven.apache.org/maven2/org/apache/maven/plugins/maven-source-plugin/3.3.0/maven-source-plugin-3.3.0.pom
Progress (1): 773 B
Progress (1): 2.3 kB
Progress (1): 5.4 kB
Progress (1): 6.7 kB
                    
Downloaded from central: https://repo.maven.apache.org/maven2/org/apache/maven/plugins/maven-source-plugin/3.3.0/maven-source-plugin-3.3.0.pom (6.7 kB at 64 kB/s)
Downloading from central: https://repo.maven.apache.org/maven2/org/apache/maven/plugins/maven-source-plugin/3.3.0/maven-source-plugin-3.3.0.jar
Progress (1): 7.7/32 kB
Progress (1): 12/32 kB 
Progress (1): 28/32 kB
Progress (1): 32 kB   
                   
Downloaded from central: https://repo.maven.apache.org/maven2/org/apache/maven/plugins/maven-source-plugin/3.3.0/maven-source-plugin-3.3.0.jar (32 kB at 314 kB/s)
Downloading from central: https://repo.maven.apache.org/maven2/org/apache/maven/plugins/maven-war-plugin/3.4.0/maven-war-plugin-3.4.0.pom
Progress (1): 794 B
Progress (1): 2.3 kB
Progress (1): 5.6 kB
Progress (1): 8.3 kB
Progress (1): 8.4 kB
                    
Downloaded from central: https://repo.maven.apache.org/maven2/org/apache/maven/plugins/maven-war-plugin/3.4.0/maven-war-plugin-3.4.0.pom (8.4 kB at 95 kB/s)
Downloading from central: https://repo.maven.apache.org/maven2/org/apache/maven/plugins/maven-war-plugin/3.4.0/maven-war-plugin-3.4.0.jar
Progress (1): 7.7/83 kB
Progress (1): 16/83 kB 
Progress (1): 32/83 kB
Progress (1): 49/83 kB
Progress (1): 65/83 kB
Progress (1): 81/83 kB
Progress (1): 83 kB   
                   
Downloaded from central: https://repo.maven.apache.org/maven2/org/apache/maven/plugins/maven-war-plugin/3.4.0/maven-war-plugin-3.4.0.jar (83 kB at 871 kB/s)
Downloading from central: https://repo.maven.apache.org/maven2/org/graalvm/buildtools/native-maven-plugin/0.9.28/native-maven-plugin-0.9.28.pom
Progress (1): 934 B
Progress (1): 3.1 kB
                    
Downloaded from central: https://repo.maven.apache.org/maven2/org/graalvm/buildtools/native-maven-plugin/0.9.28/native-maven-plugin-0.9.28.pom (3.1 kB at 34 kB/s)
Downloading from central: https://repo.maven.apache.org/maven2/org/graalvm/buildtools/native-maven-plugin/0.9.28/native-maven-plugin-0.9.28.jar
Progress (1): 7.7/82 kB
Progress (1): 16/82 kB 
Progress (1): 32/82 kB
Progress (1): 49/82 kB
Progress (1): 65/82 kB
Progress (1): 81/82 kB
Progress (1): 82 kB   
                   
Downloaded from central: https://repo.maven.apache.org/maven2/org/graalvm/buildtools/native-maven-plugin/0.9.28/native-maven-plugin-0.9.28.jar (82 kB at 879 kB/s)
Downloading from central: https://repo.maven.apache.org/maven2/org/codehaus/mojo/versions-maven-plugin/2.16.2/versions-maven-plugin-2.16.2.pom
Progress (1): 1.7 kB
Progress (1): 5.4 kB
Progress (1): 6.6 kB
Progress (1): 9.2 kB
Progress (1): 10.0 kB
                     
Downloaded from central: https://repo.maven.apache.org/maven2/org/codehaus/mojo/versions-maven-plugin/2.16.2/versions-maven-plugin-2.16.2.pom (10.0 kB at 106 kB/s)
Downloading from central: https://repo.maven.apache.org/maven2/org/codehaus/mojo/versions/versions/2.16.2/versions-2.16.2.pom
Progress (1): 1.1 kB
Progress (1): 3.4 kB
Progress (1): 6.6 kB
Progress (1): 11 kB 
Progress (1): 13 kB
                   
Downloaded from central: https://repo.maven.apache.org/maven2/org/codehaus/mojo/versions/versions/2.16.2/versions-2.16.2.pom (13 kB at 117 kB/s)
Downloading from central: https://repo.maven.apache.org/maven2/org/codehaus/mojo/mojo-parent/77/mojo-parent-77.pom
Progress (1): 715 B
Progress (1): 2.5 kB
Progress (1): 6.2 kB
Progress (1): 8.0 kB
Progress (1): 11 kB 
Progress (1): 13 kB
Progress (1): 18 kB
Progress (1): 24 kB
Progress (1): 27 kB
Progress (1): 29 kB
Progress (1): 32 kB
Progress (1): 36 kB
                   
Downloaded from central: https://repo.maven.apache.org/maven2/org/codehaus/mojo/mojo-parent/77/mojo-parent-77.pom (36 kB at 399 kB/s)
Downloading from central: https://repo.maven.apache.org/maven2/org/codehaus/mojo/versions-maven-plugin/2.16.2/versions-maven-plugin-2.16.2.jar
Progress (1): 7.7/291 kB
Progress (1): 16/291 kB 
Progress (1): 32/291 kB
Progress (1): 49/291 kB
Progress (1): 65/291 kB
Progress (1): 81/291 kB
Progress (1): 98/291 kB
Progress (1): 114/291 kB
Progress (1): 131/291 kB
Progress (1): 147/291 kB
Progress (1): 163/291 kB
Progress (1): 180/291 kB
Progress (1): 196/291 kB
Progress (1): 213/291 kB
Progress (1): 229/291 kB
Progress (1): 245/291 kB
Progress (1): 262/291 kB
Progress (1): 278/291 kB
Progress (1): 291 kB    
                    
Downloaded from central: https://repo.maven.apache.org/maven2/org/codehaus/mojo/versions-maven-plugin/2.16.2/versions-maven-plugin-2.16.2.jar (291 kB at 2.7 MB/s)
Downloading from central: https://repo.maven.apache.org/maven2/org/codehaus/mojo/xml-maven-plugin/1.1.0/xml-maven-plugin-1.1.0.pom
Progress (1): 996 B
Progress (1): 3.3 kB
Progress (1): 6.9 kB
Progress (1): 8.5 kB
                    
Downloaded from central: https://repo.maven.apache.org/maven2/org/codehaus/mojo/xml-maven-plugin/1.1.0/xml-maven-plugin-1.1.0.pom (8.5 kB at 90 kB/s)
Downloading from central: https://repo.maven.apache.org/maven2/org/codehaus/mojo/mojo-parent/75/mojo-parent-75.pom
Progress (1): 711 B
Progress (1): 2.5 kB
Progress (1): 6.2 kB
Progress (1): 8.0 kB
Progress (1): 11 kB 
Progress (1): 13 kB
Progress (1): 18 kB
Progress (1): 24 kB
Progress (1): 26 kB
Progress (1): 29 kB
Progress (1): 32 kB
Progress (1): 36 kB
                   
Downloaded from central: https://repo.maven.apache.org/maven2/org/codehaus/mojo/mojo-parent/75/mojo-parent-75.pom (36 kB at 421 kB/s)
Downloading from central: https://repo.maven.apache.org/maven2/org/codehaus/mojo/xml-maven-plugin/1.1.0/xml-maven-plugin-1.1.0.jar
Progress (1): 7.7/65 kB
Progress (1): 16/65 kB 
Progress (1): 32/65 kB
Progress (1): 49/65 kB
Progress (1): 65 kB   
                   
Downloaded from central: https://repo.maven.apache.org/maven2/org/codehaus/mojo/xml-maven-plugin/1.1.0/xml-maven-plugin-1.1.0.jar (65 kB at 659 kB/s)
[INFO] ------------------------------------------------------------------------
[INFO] BUILD FAILURE
[INFO] ------------------------------------------------------------------------
[INFO] Total time:  6.694 s
[INFO] Finished at: 2026-02-17T11:53:20+05:30
[INFO] ------------------------------------------------------------------------
[ERROR] No plugin found for prefix '.projectlombok' in the current project and in the plugin groups [org.springframework.boot, org.flywaydb, io.github.git-commit-id, org.jooq, org.jetbrains.kotlin, org.liquibase, org.graalvm.buildtools, org.apache.maven.plugins, org.codehaus.mojo] available from the repositories [local (C:\Users\CHAITANYA\.m2\repository), central (https://repo.maven.apache.org/maven2)] -> [Help 1]
[ERROR] 
[ERROR] To see the full stack trace of the errors, re-run Maven with the -e switch.
[ERROR] Re-run Maven using the -X switch to enable full debug logging.
[ERROR] 
[ERROR] For more information about the errors and possible solutions, please read the following articles:
[ERROR] [Help 1] http://cwiki.apache.org/confluence/display/MAVEN/NoPluginFoundForPrefixException
